[32m[I 2026-08-06 06:47:22,127][0m Trial 146 finished with value: 0.9290074991953715 and parameters: {'alpha_emiss': 498.3303198410887, 'alpha_profile': 282.09513199724586, 'alpha_gate': 4.391743624120218, 'alpha_leak': 3.940208412387172, 'alpha_active_pdf': 7.303927073958615}. Best is trial 38 with value: 0.16593169168238794.[0m
Loading data:   0%|          | 0/500 [00:00<?, ?it/s]Loading data:  13%|█▎        | 67/500 [00:00<00:00, 666.37it/s]Loading data:  28%|██▊       | 138/500 [00:00<00:00, 687.11it/s]Loading data:  42%|████▏     | 209/500 [00:00<00:00, 693.73it/s]Loading data:  56%|█████▌    | 280/500 [00:00<00:00, 696.60it/s]Loading data:  70%|███████   | 351/500 [00:00<00:00, 699.76it/s]Loading data:  84%|████████▍ | 422/500 [00:00<00:00, 701.45it/s]Loading data:  99%|█████████▊| 493/500 [00:00<00:00, 701.08it/s]Loading data: 100%|██████████| 500/500 [00:00<00:00, 697.23it/s]
[32m[I 2026-08-06 06:51:21,942][0m Trial 147 finished with value: 0.28517145686498263 and parameters: {'alpha_emiss': 278.1025330371491, 'alpha_profile': 493.048086625198, 'alpha_gate': 8.175339173593697, 'alpha_leak': 1.095787392571121, 'alpha_active_pdf': 1.5308627926399136}. Best is trial 38 with value: 0.16593169168238794.[0m
Loading data:   0%|          | 0/500 [00:00<?, ?it/s]Loading data:  13%|█▎        | 66/500 [00:00<00:00, 655.80it/s]Loading data:  27%|██▋       | 136/500 [00:00<00:00, 678.02it/s]Loading data:  41%|████      | 206/500 [00:00<00:00, 686.92it/s]Loading data:  55%|█████▌    | 276/500 [00:00<00:00, 691.28it/s]Loading data:  69%|██████▉   | 347/500 [00:00<00:00, 694.96it/s]Loading data:  84%|████████▎ | 418/500 [00:00<00:00, 697.02it/s]Loading data:  98%|█████████▊| 489/500 [00:00<00:00, 698.64it/s]Loading data: 100%|██████████| 500/500 [00:00<00:00, 692.76it/s]
[32m[I 2026-08-06 06:55:54,533][0m Trial 148 finished with value: 0.7921715760690315 and parameters: {'alpha_emiss': 384.9585403019515, 'alpha_profile': 637.6156915197907, 'alpha_gate': 1.6675153927966675, 'alpha_leak': 2.569958982503233, 'alpha_active_pdf': 3.9260658255425787}. Best is trial 38 with value: 0.16593169168238794.[0m
Loading data:   0%|          | 0/500 [00:00<?, ?it/s]Loading data:  12%|█▏        | 62/500 [00:00<00:00, 615.79it/s]Loading data:  26%|██▋       | 132/500 [00:00<00:00, 663.08it/s]Loading data:  40%|████      | 202/500 [00:00<00:00, 678.29it/s]Loading data:  55%|█████▍    | 273/500 [00:00<00:00, 687.42it/s]Loading data:  69%|██████▉   | 344/500 [00:00<00:00, 692.44it/s]Loading data:  83%|████████▎ | 415/500 [00:00<00:00, 695.32it/s]Loading data:  97%|█████████▋| 485/500 [00:00<00:00, 696.68it/s]Loading data: 100%|██████████| 500/500 [00:00<00:00, 687.64it/s]
[32m[I 2026-08-06 06:59:46,721][0m Trial 149 finished with value: 0.3577689434510972 and parameters: {'alpha_emiss': 179.45713604829234, 'alpha_profile': 338.0078880159472, 'alpha_gate': 6.716350722506456, 'alpha_leak': 5.555384365328964, 'alpha_active_pdf': 2.1016021887395597}. Best is trial 38 with value: 0.16593169168238794.[0m
Loading data:   0%|          | 0/500 [00:00<?, ?it/s]Loading data:  14%|█▍        | 69/500 [00:00<00:00, 684.46it/s]Loading data:  28%|██▊       | 142/500 [00:00<00:00, 708.85it/s]Loading data:  43%|████▎     | 215/500 [00:00<00:00, 716.73it/s]Loading data:  58%|█████▊    | 288/500 [00:00<00:00, 720.70it/s]Loading data:  72%|███████▏  | 361/500 [00:00<00:00, 723.28it/s]Loading data:  87%|████████▋ | 434/500 [00:00<00:00, 724.77it/s]Loading data: 100%|██████████| 500/500 [00:00<00:00, 720.63it/s]
[32m[I 2026-08-06 07:04:12,360][0m Trial 150 finished with value: 1.4169023273521626 and parameters: {'alpha_emiss': 59.04236947539844, 'alpha_profile': 862.2596626332124, 'alpha_gate': 2.1466853795080416, 'alpha_leak': 4.63013344775113, 'alpha_active_pdf': 3.4141001222927314}. Best is trial 38 with value: 0.16593169168238794.[0m
Loading data:   0%|          | 0/500 [00:00<?, ?it/s]Loading data:  14%|█▍        | 69/500 [00:00<00:00, 687.92it/s]Loading data:  28%|██▊       | 142/500 [00:00<00:00, 707.43it/s]Loading data:  43%|████▎     | 215/500 [00:00<00:00, 714.81it/s]Loading data:  58%|█████▊    | 288/500 [00:00<00:00, 718.73it/s]Loading data:  72%|███████▏  | 361/500 [00:00<00:00, 719.68it/s]Loading data:  87%|████████▋ | 434/500 [00:00<00:00, 720.84it/s]Loading data: 100%|██████████| 500/500 [00:00<00:00, 717.53it/s]
[32m[I 2026-08-06 07:07:53,057][0m Trial 151 finished with value: 0.5698553040976917 and parameters: {'alpha_emiss': 261.46799509800394, 'alpha_profile': 576.267733335082, 'alpha_gate': 8.667587891582112, 'alpha_leak': 3.390255766899337, 'alpha_active_pdf': 5.4596550106778166}. Best is trial 38 with value: 0.16593169168238794.[0m
Loading data:   0%|          | 0/500 [00:00<?, ?it/s]Loading data:  14%|█▎        | 68/500 [00:00<00:00, 673.16it/s]Loading data:  28%|██▊       | 139/500 [00:00<00:00, 690.36it/s]Loading data:  42%|████▏     | 210/500 [00:00<00:00, 696.39it/s]Loading data:  56%|█████▌    | 281/500 [00:00<00:00, 700.07it/s]Loading data:  70%|███████   | 352/500 [00:00<00:00, 702.00it/s]Loading data:  85%|████████▍ | 423/500 [00:00<00:00, 703.25it/s]Loading data:  99%|█████████▉| 494/500 [00:00<00:00, 704.21it/s]Loading data: 100%|██████████| 500/500 [00:00<00:00, 700.18it/s]
[32m[I 2026-08-06 07:11:37,765][0m Trial 152 finished with value: 0.3877314073339521 and parameters: {'alpha_emiss': 302.2173571704877, 'alpha_profile': 653.3011888260039, 'alpha_gate': 7.402253210957582, 'alpha_leak': 3.0458904103465794, 'alpha_active_pdf': 5.111937572733916}. Best is trial 38 with value: 0.16593169168238794.[0m
Loading data:   0%|          | 0/500 [00:00<?, ?it/s]Loading data:  13%|█▎        | 65/500 [00:00<00:00, 646.44it/s]Loading data:  27%|██▋       | 135/500 [00:00<00:00, 677.34it/s]Loading data:  41%|████      | 205/500 [00:00<00:00, 687.34it/s]Loading data:  55%|█████▌    | 275/500 [00:00<00:00, 691.67it/s]Loading data:  69%|██████▉   | 346/500 [00:00<00:00, 694.81it/s]Loading data:  83%|████████▎ | 416/500 [00:00<00:00, 696.41it/s]Loading data:  97%|█████████▋| 486/500 [00:00<00:00, 697.44it/s]Loading data: 100%|██████████| 500/500 [00:00<00:00, 691.76it/s]
[32m[I 2026-08-06 07:15:26,812][0m Trial 153 finished with value: 1.452247278333707 and parameters: {'alpha_emiss': 340.67977434135736, 'alpha_profile': 443.37542806282005, 'alpha_gate': 9.951263262970086, 'alpha_leak': 3.9352203744295333, 'alpha_active_pdf': 0.2656104969346405}. Best is trial 38 with value: 0.16593169168238794.[0m
Loading data:   0%|          | 0/500 [00:00<?, ?it/s]Loading data:  14%|█▎        | 68/500 [00:00<00:00, 678.22it/s]Loading data:  28%|██▊       | 141/500 [00:00<00:00, 705.94it/s]Loading data:  43%|████▎     | 213/500 [00:00<00:00, 709.32it/s]Loading data:  57%|█████▋    | 286/500 [00:00<00:00, 716.64it/s]Loading data:  72%|███████▏  | 360/500 [00:00<00:00, 722.04it/s]Loading data:  87%|████████▋ | 433/500 [00:00<00:00, 724.40it/s]Loading data: 100%|██████████| 500/500 [00:00<00:00, 719.16it/s]
[32m[I 2026-08-06 07:19:43,400][0m Trial 154 finished with value: 0.7522301484476529 and parameters: {'alpha_emiss': 445.00269520152216, 'alpha_profile': 533.4580565453808, 'alpha_gate': 9.33842707193789, 'alpha_leak': 3.352124668151433, 'alpha_active_pdf': 6.020492801152122}. Best is trial 38 with value: 0.16593169168238794.[0m
Loading data:   0%|          | 0/500 [00:00<?, ?it/s]Loading data:  14%|█▍        | 70/500 [00:00<00:00, 692.16it/s]Loading data:  29%|██▊       | 143/500 [00:00<00:00, 712.63it/s]Loading data:  43%|████▎     | 216/500 [00:00<00:00, 719.15it/s]Loading data:  58%|█████▊    | 289/500 [00:00<00:00, 721.67it/s]Loading data:  72%|███████▏  | 362/500 [00:00<00:00, 724.01it/s]Loading data:  87%|████████▋ | 435/500 [00:00<00:00, 725.38it/s]Loading data: 100%|██████████| 500/500 [00:00<00:00, 721.80it/s]
[32m[I 2026-08-06 07:23:59,081][0m Trial 155 finished with value: 0.7639858884109125 and parameters: {'alpha_emiss': 691.0835917928227, 'alpha_profile': 403.6679449547874, 'alpha_gate': 6.495710326297029, 'alpha_leak': 2.3811213320409195, 'alpha_active_pdf': 4.732514247155923}. Best is trial 38 with value: 0.16593169168238794.[0m
Loading data:   0%|          | 0/500 [00:00<?, ?it/s]Loading data:  14%|█▍        | 69/500 [00:00<00:00, 685.17it/s]Loading data:  28%|██▊       | 142/500 [00:00<00:00, 708.78it/s]Loading data:  43%|████▎     | 215/500 [00:00<00:00, 716.33it/s]Loading data:  58%|█████▊    | 288/500 [00:00<00:00, 720.08it/s]Loading data:  72%|███████▏  | 361/500 [00:00<00:00, 722.44it/s]Loading data:  87%|████████▋ | 434/500 [00:00<00:00, 723.90it/s]Loading data: 100%|██████████| 500/500 [00:00<00:00, 719.97it/s]
[32m[I 2026-08-06 07:27:58,148][0m Trial 156 finished with value: 0.47808491274584475 and parameters: {'alpha_emiss': 243.52837618238303, 'alpha_profile': 795.207282646291, 'alpha_gate': 5.434584559629595, 'alpha_leak': 2.833021948721732, 'alpha_active_pdf': 2.915000202704578}. Best is trial 38 with value: 0.16593169168238794.[0m
Loading data:   0%|          | 0/500 [00:00<?, ?it/s]Loading data:  14%|█▎        | 68/500 [00:00<00:00, 678.32it/s]Loading data:  28%|██▊       | 140/500 [00:00<00:00, 701.72it/s]Loading data:  42%|████▏     | 211/500 [00:00<00:00, 702.94it/s]Loading data:  57%|█████▋    | 283/500 [00:00<00:00, 709.46it/s]Loading data:  71%|███████   | 356/500 [00:00<00:00, 713.38it/s]Loading data:  86%|████████▌ | 429/500 [00:00<00:00, 716.19it/s]Loading data: 100%|██████████| 500/500 [00:00<00:00, 711.86it/s]
[32m[I 2026-08-06 07:31:34,481][0m Trial 157 finished with value: 1.4192800944170947 and parameters: {'alpha_emiss': 36.10208885517561, 'alpha_profile': 699.287157808782, 'alpha_gate': 7.865652821010295, 'alpha_leak': 1.4714139482858868, 'alpha_active_pdf': 6.642240180139657}. Best is trial 38 with value: 0.16593169168238794.[0m
Loading data:   0%|          | 0/500 [00:00<?, ?it/s]Loading data:  14%|█▎        | 68/500 [00:00<00:00, 679.26it/s]Loading data:  28%|██▊       | 141/500 [00:00<00:00, 707.91it/s]Loading data:  43%|████▎     | 214/500 [00:00<00:00, 717.18it/s]Loading data:  57%|█████▋    | 287/500 [00:00<00:00, 721.65it/s]Loading data:  72%|███████▏  | 361/500 [00:00<00:00, 724.79it/s]Loading data:  87%|████████▋ | 435/500 [00:00<00:00, 726.61it/s]Loading data: 100%|██████████| 500/500 [00:00<00:00, 721.45it/s]
[32m[I 2026-08-06 07:35:16,922][0m Trial 158 finished with value: 1.2304684964460193 and parameters: {'alpha_emiss': 28.53511127535977, 'alpha_profile': 562.6538001538248, 'alpha_gate': 4.85045199554567, 'alpha_leak': 1.8601731559371941, 'alpha_active_pdf': 8.720949011563139}. Best is trial 38 with value: 0.16593169168238794.[0m
Loading data:   0%|          | 0/500 [00:00<?, ?it/s]Loading data:  13%|█▎        | 66/500 [00:00<00:00, 656.60it/s]Loading data:  27%|██▋       | 137/500 [00:00<00:00, 682.66it/s]Loading data:  41%|████▏     | 207/500 [00:00<00:00, 690.34it/s]Loading data:  56%|█████▌    | 278/500 [00:00<00:00, 694.67it/s]Loading data:  70%|██████▉   | 349/500 [00:00<00:00, 697.71it/s]Loading data:  84%|████████▍ | 420/500 [00:00<00:00, 698.94it/s]Loading data:  98%|█████████▊| 491/500 [00:00<00:00, 699.83it/s]Loading data: 100%|██████████| 500/500 [00:00<00:00, 694.82it/s]
[32m[I 2026-08-06 07:39:00,102][0m Trial 159 finished with value: 0.20334009736466463 and parameters: {'alpha_emiss': 23.534520119040838, 'alpha_profile': 369.6292884466576, 'alpha_gate': 4.053417031699675, 'alpha_leak': 5.0249756737761295, 'alpha_active_pdf': 5.552954283383121}. Best is trial 38 with value: 0.16593169168238794.[0m
Loading data:   0%|          | 0/500 [00:00<?, ?it/s]Loading data:  13%|█▎        | 66/500 [00:00<00:00, 654.62it/s]Loading data:  27%|██▋       | 137/500 [00:00<00:00, 683.01it/s]Loading data:  42%|████▏     | 208/500 [00:00<00:00, 692.77it/s]Loading data:  56%|█████▌    | 279/500 [00:00<00:00, 697.63it/s]Loading data:  70%|███████   | 350/500 [00:00<00:00, 700.49it/s]Loading data:  84%|████████▍ | 421/500 [00:00<00:00, 701.77it/s]Loading data:  98%|█████████▊| 492/500 [00:00<00:00, 703.37it/s]Loading data: 100%|██████████| 500/500 [00:00<00:00, 697.59it/s]
[32m[I 2026-08-06 07:43:07,769][0m Trial 160 finished with value: 0.9204350634326826 and parameters: {'alpha_emiss': 195.40146622582267, 'alpha_profile': 311.20848704848476, 'alpha_gate': 1.777307385699458, 'alpha_leak': 4.407547212950276, 'alpha_active_pdf': 3.987029344764548}. Best is trial 38 with value: 0.16593169168238794.[0m
Loading data:   0%|          | 0/500 [00:00<?, ?it/s]Loading data:  14%|█▍        | 69/500 [00:00<00:00, 687.61it/s]Loading data:  28%|██▊       | 142/500 [00:00<00:00, 709.59it/s]Loading data:  43%|████▎     | 215/500 [00:00<00:00, 716.90it/s]Loading data:  58%|█████▊    | 288/500 [00:00<00:00, 720.35it/s]Loading data:  72%|███████▏  | 361/500 [00:00<00:00, 722.91it/s]Loading data:  87%|████████▋ | 434/500 [00:00<00:00, 632.11it/s]Loading data: 100%|██████████| 500/500 [00:00<00:00, 678.36it/s]
[32m[I 2026-08-06 07:46:56,118][0m Trial 161 finished with value: 0.3506921230839347 and parameters: {'alpha_emiss': 334.5746171536903, 'alpha_profile': 471.49513342526456, 'alpha_gate': 6.417549182011624, 'alpha_leak': 6.97959852171131, 'alpha_active_pdf': 4.093580110532768}. Best is trial 38 with value: 0.16593169168238794.[0m
Loading data:   0%|          | 0/500 [00:00<?, ?it/s]Loading data:  13%|█▎        | 64/500 [00:00<00:00, 638.46it/s]Loading data:  27%|██▋       | 137/500 [00:00<00:00, 688.39it/s]Loading data:  42%|████▏     | 210/500 [00:00<00:00, 705.69it/s]Loading data:  57%|█████▋    | 283/500 [00:00<00:00, 714.23it/s]Loading data:  71%|███████   | 356/500 [00:00<00:00, 718.56it/s]Loading data:  86%|████████▌ | 429/500 [00:00<00:00, 720.95it/s]Loading data: 100%|██████████| 500/500 [00:00<00:00, 713.43it/s]
[32m[I 2026-08-06 07:50:41,781][0m Trial 162 finished with value: 0.1981255397922907 and parameters: {'alpha_emiss': 546.0743804484404, 'alpha_profile': 453.54390710908444, 'alpha_gate': 5.930384438239211, 'alpha_leak': 6.217029633017759, 'alpha_active_pdf': 4.408141630255951}. Best is trial 38 with value: 0.16593169168238794.[0m
Loading data:   0%|          | 0/500 [00:00<?, ?it/s]Loading data:  14%|█▍        | 69/500 [00:00<00:00, 687.26it/s]Loading data:  28%|██▊       | 142/500 [00:00<00:00, 710.23it/s]Loading data:  43%|████▎     | 215/500 [00:00<00:00, 717.87it/s]Loading data:  58%|█████▊    | 288/500 [00:00<00:00, 721.20it/s]Loading data:  72%|███████▏  | 361/500 [00:00<00:00, 723.42it/s]Loading data:  87%|████████▋ | 434/500 [00:00<00:00, 724.68it/s]Loading data: 100%|██████████| 500/500 [00:00<00:00, 720.94it/s]
[32m[I 2026-08-06 07:55:45,093][0m Trial 163 finished with value: 0.7172210025109037 and parameters: {'alpha_emiss': 553.4071866282243, 'alpha_profile': 603.4785124856342, 'alpha_gate': 1.2396078661267345, 'alpha_leak': 9.2753938793462, 'alpha_active_pdf': 4.707121653713399}. Best is trial 38 with value: 0.16593169168238794.[0m
Loading data:   0%|          | 0/500 [00:00<?, ?it/s]Loading data:  14%|█▍        | 69/500 [00:00<00:00, 683.71it/s]Loading data:  28%|██▊       | 141/500 [00:00<00:00, 703.47it/s]Loading data:  43%|████▎     | 213/500 [00:00<00:00, 709.95it/s]Loading data:  57%|█████▋    | 285/500 [00:00<00:00, 713.39it/s]Loading data:  72%|███████▏  | 358/500 [00:00<00:00, 716.22it/s]Loading data:  86%|████████▌ | 431/500 [00:00<00:00, 717.97it/s]Loading data: 100%|██████████| 500/500 [00:00<00:00, 714.35it/s]
[32m[I 2026-08-06 07:59:16,267][0m Trial 164 finished with value: 0.7677274841050692 and parameters: {'alpha_emiss': 619.3715468917018, 'alpha_profile': 214.60445475867152, 'alpha_gate': 5.356233310470065, 'alpha_leak': 6.345679696420252, 'alpha_active_pdf': 3.4575479771724815}. Best is trial 38 with value: 0.16593169168238794.[0m
Loading data:   0%|          | 0/500 [00:00<?, ?it/s]Loading data:  14%|█▎        | 68/500 [00:00<00:00, 675.08it/s]Loading data:  28%|██▊       | 141/500 [00:00<00:00, 705.96it/s]Loading data:  43%|████▎     | 214/500 [00:00<00:00, 713.51it/s]Loading data:  57%|█████▋    | 287/500 [00:00<00:00, 718.06it/s]Loading data:  72%|███████▏  | 360/500 [00:00<00:00, 721.23it/s]Loading data:  87%|████████▋ | 433/500 [00:00<00:00, 723.58it/s]Loading data: 100%|██████████| 500/500 [00:00<00:00, 717.09it/s]
[32m[I 2026-08-06 08:03:19,806][0m Trial 165 finished with value: 0.2509474424358378 and parameters: {'alpha_emiss': 453.54364747362825, 'alpha_profile': 405.90072995962964, 'alpha_gate': 2.41116620888408, 'alpha_leak': 3.73982925506279, 'alpha_active_pdf': 6.383046677000739}. Best is trial 38 with value: 0.16593169168238794.[0m
Loading data:   0%|          | 0/500 [00:00<?, ?it/s]Loading data:  14%|█▍        | 70/500 [00:00<00:00, 695.21it/s]Loading data:  29%|██▊       | 143/500 [00:00<00:00, 712.55it/s]Loading data:  43%|████▎     | 216/500 [00:00<00:00, 718.51it/s]Loading data:  58%|█████▊    | 288/500 [00:00<00:00, 718.17it/s]Loading data:  72%|███████▏  | 361/500 [00:00<00:00, 720.92it/s]Loading data:  87%|████████▋ | 434/500 [00:00<00:00, 722.30it/s]Loading data: 100%|██████████| 500/500 [00:00<00:00, 719.87it/s]
[32m[I 2026-08-06 08:07:45,576][0m Trial 166 finished with value: 0.7238610303881364 and parameters: {'alpha_emiss': 520.0179229286466, 'alpha_profile': 520.7395016357034, 'alpha_gate': 7.208137065573487, 'alpha_leak': 5.753139277305024, 'alpha_active_pdf': 5.442663471524253}. Best is trial 38 with value: 0.16593169168238794.[0m
Loading data:   0%|          | 0/500 [00:00<?, ?it/s]Loading data:  14%|█▎        | 68/500 [00:00<00:00, 672.37it/s]Loading data:  28%|██▊       | 140/500 [00:00<00:00, 699.83it/s]Loading data:  43%|████▎     | 213/500 [00:00<00:00, 710.04it/s]Loading data:  57%|█████▋    | 286/500 [00:00<00:00, 715.33it/s]Loading data:  72%|███████▏  | 359/500 [00:00<00:00, 718.74it/s]Loading data:  86%|████████▋ | 432/500 [00:00<00:00, 720.31it/s]Loading data: 100%|██████████| 500/500 [00:00<00:00, 715.59it/s]
[32m[I 2026-08-06 08:11:24,154][0m Trial 167 finished with value: 1.1265436356835221 and parameters: {'alpha_emiss': 39.822351497366014, 'alpha_profile': 274.00738324770583, 'alpha_gate': 5.899737372539013, 'alpha_leak': 2.076936667476933, 'alpha_active_pdf': 4.332719577932168}. Best is trial 38 with value: 0.16593169168238794.[0m
Loading data:   0%|          | 0/500 [00:00<?, ?it/s]Loading data:  14%|█▍        | 70/500 [00:00<00:00, 696.34it/s]Loading data:  29%|██▉       | 144/500 [00:00<00:00, 717.47it/s]Loading data:  44%|████▎     | 218/500 [00:00<00:00, 724.32it/s]Loading data:  58%|█████▊    | 292/500 [00:00<00:00, 727.20it/s]Loading data:  73%|███████▎  | 366/500 [00:00<00:00, 728.81it/s]Loading data:  88%|████████▊ | 440/500 [00:00<00:00, 730.10it/s]Loading data: 100%|██████████| 500/500 [00:00<00:00, 727.02it/s]
[32m[I 2026-08-06 08:15:22,653][0m Trial 168 finished with value: 0.18816141162647637 and parameters: {'alpha_emiss': 876.790178736703, 'alpha_profile': 977.3427871021075, 'alpha_gate': 9.173961373719589, 'alpha_leak': 4.302072578039521, 'alpha_active_pdf': 3.1509672980349026}. Best is trial 38 with value: 0.16593169168238794.[0m
Loading data:   0%|          | 0/500 [00:00<?, ?it/s]Loading data:  13%|█▎        | 66/500 [00:00<00:00, 654.55it/s]Loading data:  27%|██▋       | 137/500 [00:00<00:00, 681.78it/s]Loading data:  41%|████      | 206/500 [00:00<00:00, 680.46it/s]Loading data:  55%|█████▌    | 276/500 [00:00<00:00, 687.91it/s]Loading data:  69%|██████▉   | 346/500 [00:00<00:00, 690.92it/s]Loading data:  83%|████████▎ | 416/500 [00:00<00:00, 692.35it/s]Loading data:  97%|█████████▋| 486/500 [00:00<00:00, 694.24it/s]Loading data: 100%|██████████| 500/500 [00:00<00:00, 689.09it/s]
[32m[I 2026-08-06 08:19:16,748][0m Trial 169 finished with value: 0.1982143305122353 and parameters: {'alpha_emiss': 910.0246062961896, 'alpha_profile': 930.6353957585342, 'alpha_gate': 10.858729152121334, 'alpha_leak': 3.1983216024562333, 'alpha_active_pdf': 2.3557716031147082}. Best is trial 38 with value: 0.16593169168238794.[0m
Loading data:   0%|          | 0/500 [00:00<?, ?it/s]Loading data:  14%|█▍        | 70/500 [00:00<00:00, 693.07it/s]Loading data:  28%|██▊       | 142/500 [00:00<00:00, 706.48it/s]Loading data:  43%|████▎     | 215/500 [00:00<00:00, 716.42it/s]Loading data:  58%|█████▊    | 288/500 [00:00<00:00, 721.48it/s]Loading data:  72%|███████▏  | 361/500 [00:00<00:00, 724.32it/s]Loading data:  87%|████████▋ | 435/500 [00:00<00:00, 726.23it/s]Loading data: 100%|██████████| 500/500 [00:00<00:00, 722.25it/s]
[32m[I 2026-08-06 08:23:30,110][0m Trial 170 finished with value: 0.20118330745527363 and parameters: {'alpha_emiss': 771.062918224992, 'alpha_profile': 772.6199732238814, 'alpha_gate': 9.336387726048496, 'alpha_leak': 4.333695467028546, 'alpha_active_pdf': 2.9654618223525846}. Best is trial 38 with value: 0.16593169168238794.[0m
Loading data:   0%|          | 0/500 [00:00<?, ?it/s]Loading data:  14%|█▍        | 70/500 [00:00<00:00, 695.11it/s]Loading data:  29%|██▊       | 143/500 [00:00<00:00, 712.87it/s]Loading data:  43%|████▎     | 216/500 [00:00<00:00, 718.31it/s]Loading data:  58%|█████▊    | 288/500 [00:00<00:00, 713.77it/s]Loading data:  72%|███████▏  | 361/500 [00:00<00:00, 718.37it/s]Loading data:  87%|████████▋ | 434/500 [00:00<00:00, 721.45it/s]Loading data: 100%|██████████| 500/500 [00:00<00:00, 718.77it/s]
