[32m[I 2026-08-06 05:04:14,475][0m Trial 122 finished with value: 0.19648879241155864 and parameters: {'alpha_emiss': 261.26461618194264, 'alpha_profile': 598.6623718821878, 'alpha_gate': 8.926349036199907, 'alpha_leak': 3.2191808117882363, 'alpha_active_pdf': 5.3503411087712935}. Best is trial 38 with value: 0.16593169168238794.[0m
Loading data:   0%|          | 0/500 [00:00<?, ?it/s]Loading data:  13%|█▎        | 65/500 [00:00<00:00, 648.31it/s]Loading data:  27%|██▋       | 136/500 [00:00<00:00, 679.84it/s]Loading data:  41%|████▏     | 207/500 [00:00<00:00, 690.19it/s]Loading data:  56%|█████▌    | 278/500 [00:00<00:00, 695.77it/s]Loading data:  70%|██████▉   | 349/500 [00:00<00:00, 698.48it/s]Loading data:  84%|████████▍ | 420/500 [00:00<00:00, 699.98it/s]Loading data:  98%|█████████▊| 491/500 [00:00<00:00, 700.98it/s]Loading data: 100%|██████████| 500/500 [00:00<00:00, 695.21it/s]
[32m[I 2026-08-06 05:08:58,818][0m Trial 123 finished with value: 0.18337845854708246 and parameters: {'alpha_emiss': 417.49894258295734, 'alpha_profile': 965.5192504983625, 'alpha_gate': 1.615258218276914, 'alpha_leak': 2.985507997490102, 'alpha_active_pdf': 4.614643073095161}. Best is trial 38 with value: 0.16593169168238794.[0m
Loading data:   0%|          | 0/500 [00:00<?, ?it/s]Loading data:  14%|█▎        | 68/500 [00:00<00:00, 673.38it/s]Loading data:  28%|██▊       | 139/500 [00:00<00:00, 693.25it/s]Loading data:  42%|████▏     | 210/500 [00:00<00:00, 698.31it/s]Loading data:  56%|█████▌    | 281/500 [00:00<00:00, 701.93it/s]Loading data:  70%|███████   | 352/500 [00:00<00:00, 703.94it/s]Loading data:  85%|████████▍ | 423/500 [00:00<00:00, 705.01it/s]Loading data:  99%|█████████▉| 494/500 [00:00<00:00, 705.72it/s]Loading data: 100%|██████████| 500/500 [00:00<00:00, 701.91it/s]
[32m[I 2026-08-06 05:13:38,089][0m Trial 124 finished with value: 1.0520406115243532 and parameters: {'alpha_emiss': 644.8103515064354, 'alpha_profile': 970.3221473811112, 'alpha_gate': 1.506414512067765, 'alpha_leak': 5.0224266459456235, 'alpha_active_pdf': 4.383136569147743}. Best is trial 38 with value: 0.16593169168238794.[0m
Loading data:   0%|          | 0/500 [00:00<?, ?it/s]Loading data:  13%|█▎        | 67/500 [00:00<00:00, 662.88it/s]Loading data:  28%|██▊       | 138/500 [00:00<00:00, 687.24it/s]Loading data:  42%|████▏     | 209/500 [00:00<00:00, 696.19it/s]Loading data:  56%|█████▌    | 280/500 [00:00<00:00, 700.17it/s]Loading data:  70%|███████   | 351/500 [00:00<00:00, 702.62it/s]Loading data:  84%|████████▍ | 422/500 [00:00<00:00, 703.98it/s]Loading data:  99%|█████████▊| 493/500 [00:00<00:00, 705.14it/s]Loading data: 100%|██████████| 500/500 [00:00<00:00, 700.08it/s]
[32m[I 2026-08-06 05:17:41,222][0m Trial 125 finished with value: 0.8102129723058523 and parameters: {'alpha_emiss': 22.49447203354684, 'alpha_profile': 995.5352745659026, 'alpha_gate': 1.27111316054275, 'alpha_leak': 3.9020864836756695, 'alpha_active_pdf': 3.5414230793338453}. Best is trial 38 with value: 0.16593169168238794.[0m
Loading data:   0%|          | 0/500 [00:00<?, ?it/s]Loading data:  14%|█▍        | 69/500 [00:00<00:00, 689.10it/s]Loading data:  28%|██▊       | 142/500 [00:00<00:00, 710.64it/s]Loading data:  43%|████▎     | 215/500 [00:00<00:00, 718.60it/s]Loading data:  58%|█████▊    | 289/500 [00:00<00:00, 723.26it/s]Loading data:  72%|███████▏  | 362/500 [00:00<00:00, 725.58it/s]Loading data:  87%|████████▋ | 435/500 [00:00<00:00, 726.79it/s]Loading data: 100%|██████████| 500/500 [00:00<00:00, 722.90it/s]
[32m[I 2026-08-06 05:21:48,962][0m Trial 126 finished with value: 0.47620908609956997 and parameters: {'alpha_emiss': 427.2731175484567, 'alpha_profile': 298.3663331373645, 'alpha_gate': 1.6020225661557215, 'alpha_leak': 2.9977371321658715, 'alpha_active_pdf': 5.050171522605229}. Best is trial 38 with value: 0.16593169168238794.[0m
Loading data:   0%|          | 0/500 [00:00<?, ?it/s]Loading data:  13%|█▎        | 67/500 [00:00<00:00, 667.97it/s]Loading data:  28%|██▊       | 138/500 [00:00<00:00, 687.33it/s]Loading data:  42%|████▏     | 209/500 [00:00<00:00, 694.71it/s]Loading data:  56%|█████▌    | 280/500 [00:00<00:00, 698.33it/s]Loading data:  70%|███████   | 351/500 [00:00<00:00, 700.19it/s]Loading data:  84%|████████▍ | 422/500 [00:00<00:00, 701.46it/s]Loading data:  99%|█████████▊| 493/500 [00:00<00:00, 701.96it/s]Loading data: 100%|██████████| 500/500 [00:00<00:00, 697.99it/s]
[32m[I 2026-08-06 05:26:00,726][0m Trial 127 finished with value: 0.6895289278017698 and parameters: {'alpha_emiss': 16.706694497593237, 'alpha_profile': 789.2985002097942, 'alpha_gate': 1.9136453170313046, 'alpha_leak': 7.640574798469892, 'alpha_active_pdf': 5.844901167852298}. Best is trial 38 with value: 0.16593169168238794.[0m
Loading data:   0%|          | 0/500 [00:00<?, ?it/s]Loading data:  13%|█▎        | 66/500 [00:00<00:00, 652.44it/s]Loading data:  27%|██▋       | 137/500 [00:00<00:00, 682.24it/s]Loading data:  42%|████▏     | 208/500 [00:00<00:00, 693.58it/s]Loading data:  56%|█████▌    | 279/500 [00:00<00:00, 698.74it/s]Loading data:  70%|███████   | 350/500 [00:00<00:00, 700.08it/s]Loading data:  84%|████████▍ | 421/500 [00:00<00:00, 702.18it/s]Loading data:  98%|█████████▊| 492/500 [00:00<00:00, 702.55it/s]Loading data: 100%|██████████| 500/500 [00:00<00:00, 697.23it/s]
[32m[I 2026-08-06 05:30:35,166][0m Trial 128 finished with value: 1.0259145210893221 and parameters: {'alpha_emiss': 540.9122017468785, 'alpha_profile': 354.8559432522086, 'alpha_gate': 2.2644918605131177, 'alpha_leak': 3.401073717198255, 'alpha_active_pdf': 6.93510581521767}. Best is trial 38 with value: 0.16593169168238794.[0m
Loading data:   0%|          | 0/500 [00:00<?, ?it/s]Loading data:  13%|█▎        | 67/500 [00:00<00:00, 666.01it/s]Loading data:  28%|██▊       | 138/500 [00:00<00:00, 688.69it/s]Loading data:  42%|████▏     | 209/500 [00:00<00:00, 694.86it/s]Loading data:  56%|█████▌    | 280/500 [00:00<00:00, 698.84it/s]Loading data:  70%|███████   | 351/500 [00:00<00:00, 700.74it/s]Loading data:  84%|████████▍ | 422/500 [00:00<00:00, 702.09it/s]Loading data:  99%|█████████▊| 493/500 [00:00<00:00, 702.46it/s]Loading data: 100%|██████████| 500/500 [00:00<00:00, 698.56it/s]
[32m[I 2026-08-06 05:35:06,099][0m Trial 129 finished with value: 0.599546714759387 and parameters: {'alpha_emiss': 104.46021173272838, 'alpha_profile': 657.6627857108846, 'alpha_gate': 1.0219647010352693, 'alpha_leak': 4.160264024371854, 'alpha_active_pdf': 4.605687973411318}. Best is trial 38 with value: 0.16593169168238794.[0m
Loading data:   0%|          | 0/500 [00:00<?, ?it/s]Loading data:  14%|█▍        | 70/500 [00:00<00:00, 690.59it/s]Loading data:  29%|██▊       | 143/500 [00:00<00:00, 712.44it/s]Loading data:  43%|████▎     | 216/500 [00:00<00:00, 719.84it/s]Loading data:  58%|█████▊    | 289/500 [00:00<00:00, 723.26it/s]Loading data:  72%|███████▏  | 362/500 [00:00<00:00, 725.14it/s]Loading data:  87%|████████▋ | 435/500 [00:00<00:00, 725.23it/s]Loading data: 100%|██████████| 500/500 [00:00<00:00, 722.26it/s]
[32m[I 2026-08-06 05:39:32,799][0m Trial 130 finished with value: 0.19334632864471335 and parameters: {'alpha_emiss': 457.40614332789283, 'alpha_profile': 501.14936463455507, 'alpha_gate': 2.7737308988781915, 'alpha_leak': 4.822079336747293, 'alpha_active_pdf': 3.1822566231771847}. Best is trial 38 with value: 0.16593169168238794.[0m
Loading data:   0%|          | 0/500 [00:00<?, ?it/s]Loading data:  13%|█▎        | 67/500 [00:00<00:00, 667.82it/s]Loading data:  28%|██▊       | 138/500 [00:00<00:00, 690.53it/s]Loading data:  42%|████▏     | 209/500 [00:00<00:00, 698.83it/s]Loading data:  56%|█████▌    | 280/500 [00:00<00:00, 702.30it/s]Loading data:  70%|███████   | 351/500 [00:00<00:00, 704.55it/s]Loading data:  84%|████████▍ | 422/500 [00:00<00:00, 705.12it/s]Loading data:  99%|█████████▊| 493/500 [00:00<00:00, 705.35it/s]Loading data: 100%|██████████| 500/500 [00:00<00:00, 701.48it/s]
[32m[I 2026-08-06 05:43:20,842][0m Trial 131 finished with value: 0.2624212563350699 and parameters: {'alpha_emiss': 198.35123807313633, 'alpha_profile': 424.435383428487, 'alpha_gate': 5.154108989672115, 'alpha_leak': 1.986391816572801, 'alpha_active_pdf': 2.2933837665247365}. Best is trial 38 with value: 0.16593169168238794.[0m
Loading data:   0%|          | 0/500 [00:00<?, ?it/s]Loading data:  13%|█▎        | 66/500 [00:00<00:00, 659.39it/s]Loading data:  27%|██▋       | 136/500 [00:00<00:00, 682.35it/s]Loading data:  41%|████      | 206/500 [00:00<00:00, 688.76it/s]Loading data:  55%|█████▌    | 276/500 [00:00<00:00, 692.73it/s]Loading data:  69%|██████▉   | 346/500 [00:00<00:00, 694.96it/s]Loading data:  83%|████████▎ | 416/500 [00:00<00:00, 693.81it/s]Loading data:  97%|█████████▋| 486/500 [00:00<00:00, 694.96it/s]Loading data: 100%|██████████| 500/500 [00:00<00:00, 691.44it/s]
[32m[I 2026-08-06 05:47:19,745][0m Trial 132 finished with value: 0.927855806791926 and parameters: {'alpha_emiss': 270.58719037068977, 'alpha_profile': 529.29341355074, 'alpha_gate': 7.5974348273194074, 'alpha_leak': 2.3066178611992294, 'alpha_active_pdf': 3.764886196337744}. Best is trial 38 with value: 0.16593169168238794.[0m
Loading data:   0%|          | 0/500 [00:00<?, ?it/s]Loading data:  14%|█▍        | 69/500 [00:00<00:00, 684.62it/s]Loading data:  28%|██▊       | 142/500 [00:00<00:00, 708.10it/s]Loading data:  43%|████▎     | 215/500 [00:00<00:00, 715.45it/s]Loading data:  58%|█████▊    | 288/500 [00:00<00:00, 718.61it/s]Loading data:  72%|███████▏  | 361/500 [00:00<00:00, 720.21it/s]Loading data:  87%|████████▋ | 434/500 [00:00<00:00, 720.90it/s]Loading data: 100%|██████████| 500/500 [00:00<00:00, 717.64it/s]
[32m[I 2026-08-06 05:51:26,311][0m Trial 133 finished with value: 0.8263762001920278 and parameters: {'alpha_emiss': 307.18103179585904, 'alpha_profile': 743.412111124142, 'alpha_gate': 6.034125515615171, 'alpha_leak': 2.6212064573191927, 'alpha_active_pdf': 2.6849470612974033}. Best is trial 38 with value: 0.16593169168238794.[0m
Loading data:   0%|          | 0/500 [00:00<?, ?it/s]Loading data:  14%|█▍        | 69/500 [00:00<00:00, 683.68it/s]Loading data:  28%|██▊       | 142/500 [00:00<00:00, 707.74it/s]Loading data:  43%|████▎     | 215/500 [00:00<00:00, 716.29it/s]Loading data:  58%|█████▊    | 288/500 [00:00<00:00, 720.60it/s]Loading data:  72%|███████▏  | 361/500 [00:00<00:00, 723.17it/s]Loading data:  87%|████████▋ | 434/500 [00:00<00:00, 724.67it/s]Loading data: 100%|██████████| 500/500 [00:00<00:00, 720.51it/s]
[32m[I 2026-08-06 05:56:05,530][0m Trial 134 finished with value: 0.7670404763257002 and parameters: {'alpha_emiss': 391.37673544668036, 'alpha_profile': 4.7372828230694735, 'alpha_gate': 1.3716694618420766, 'alpha_leak': 3.506800726986665, 'alpha_active_pdf': 5.97730729336215}. Best is trial 38 with value: 0.16593169168238794.[0m
Loading data:   0%|          | 0/500 [00:00<?, ?it/s]Loading data:  14%|█▍        | 69/500 [00:00<00:00, 684.88it/s]Loading data:  28%|██▊       | 142/500 [00:00<00:00, 706.28it/s]Loading data:  43%|████▎     | 215/500 [00:00<00:00, 713.70it/s]Loading data:  58%|█████▊    | 288/500 [00:00<00:00, 717.77it/s]Loading data:  72%|███████▏  | 361/500 [00:00<00:00, 719.58it/s]Loading data:  87%|████████▋ | 434/500 [00:00<00:00, 720.93it/s]Loading data: 100%|██████████| 500/500 [00:00<00:00, 717.36it/s]
[32m[I 2026-08-06 06:00:45,008][0m Trial 135 finished with value: 0.524177970146031 and parameters: {'alpha_emiss': 39.05320638593815, 'alpha_profile': 45.27493159139319, 'alpha_gate': 4.78704672859173, 'alpha_leak': 2.892303514077748, 'alpha_active_pdf': 4.463160482189122}. Best is trial 38 with value: 0.16593169168238794.[0m
Loading data:   0%|          | 0/500 [00:00<?, ?it/s]Loading data:  13%|█▎        | 67/500 [00:00<00:00, 665.53it/s]Loading data:  28%|██▊       | 138/500 [00:00<00:00, 687.08it/s]Loading data:  42%|████▏     | 209/500 [00:00<00:00, 694.36it/s]Loading data:  56%|█████▌    | 280/500 [00:00<00:00, 697.58it/s]Loading data:  70%|███████   | 350/500 [00:00<00:00, 637.95it/s]Loading data:  84%|████████▍ | 421/500 [00:00<00:00, 658.90it/s]Loading data:  98%|█████████▊| 492/500 [00:00<00:00, 673.03it/s]Loading data: 100%|██████████| 500/500 [00:00<00:00, 672.35it/s]
[32m[I 2026-08-06 06:04:34,113][0m Trial 136 finished with value: 0.3217173997386838 and parameters: {'alpha_emiss': 32.031985942266694, 'alpha_profile': 588.7489835361707, 'alpha_gate': 4.4215097086096335, 'alpha_leak': 1.79678171367277, 'alpha_active_pdf': 3.788783301218644}. Best is trial 38 with value: 0.16593169168238794.[0m
Loading data:   0%|          | 0/500 [00:00<?, ?it/s]Loading data:  13%|█▎        | 67/500 [00:00<00:00, 661.19it/s]Loading data:  28%|██▊       | 138/500 [00:00<00:00, 688.05it/s]Loading data:  42%|████▏     | 210/500 [00:00<00:00, 698.25it/s]Loading data:  56%|█████▌    | 281/500 [00:00<00:00, 702.60it/s]Loading data:  71%|███████   | 353/500 [00:00<00:00, 705.59it/s]Loading data:  85%|████████▍ | 424/500 [00:00<00:00, 706.73it/s]Loading data:  99%|█████████▉| 495/500 [00:00<00:00, 706.31it/s]Loading data: 100%|██████████| 500/500 [00:00<00:00, 701.77it/s]
[32m[I 2026-08-06 06:09:01,714][0m Trial 137 finished with value: 0.5913493694385696 and parameters: {'alpha_emiss': 803.408688487218, 'alpha_profile': 321.2687428632819, 'alpha_gate': 6.712034910716997, 'alpha_leak': 0.8251813200898558, 'alpha_active_pdf': 1.8389098963141552}. Best is trial 38 with value: 0.16593169168238794.[0m
Loading data:   0%|          | 0/500 [00:00<?, ?it/s]Loading data:  14%|█▎        | 68/500 [00:00<00:00, 672.24it/s]Loading data:  28%|██▊       | 139/500 [00:00<00:00, 693.82it/s]Loading data:  42%|████▏     | 210/500 [00:00<00:00, 699.47it/s]Loading data:  56%|█████▋    | 282/500 [00:00<00:00, 704.20it/s]Loading data:  71%|███████   | 353/500 [00:00<00:00, 705.96it/s]Loading data:  85%|████████▍ | 424/500 [00:00<00:00, 707.09it/s]Loading data:  99%|█████████▉| 495/500 [00:00<00:00, 707.98it/s]Loading data: 100%|██████████| 500/500 [00:00<00:00, 703.67it/s]
[32m[I 2026-08-06 06:12:53,349][0m Trial 138 finished with value: 0.5653478250327852 and parameters: {'alpha_emiss': 50.93868178477419, 'alpha_profile': 245.83611876104533, 'alpha_gate': 5.55997098834217, 'alpha_leak': 5.638052718638241, 'alpha_active_pdf': 0.39177882001258857}. Best is trial 38 with value: 0.16593169168238794.[0m
Loading data:   0%|          | 0/500 [00:00<?, ?it/s]Loading data:  13%|█▎        | 66/500 [00:00<00:00, 657.55it/s]Loading data:  27%|██▋       | 136/500 [00:00<00:00, 681.51it/s]Loading data:  41%|████▏     | 207/500 [00:00<00:00, 690.12it/s]Loading data:  55%|█████▌    | 277/500 [00:00<00:00, 693.99it/s]Loading data:  69%|██████▉   | 347/500 [00:00<00:00, 695.52it/s]Loading data:  83%|████████▎ | 417/500 [00:00<00:00, 696.86it/s]Loading data:  98%|█████████▊| 488/500 [00:00<00:00, 698.15it/s]Loading data: 100%|██████████| 500/500 [00:00<00:00, 693.40it/s]
[32m[I 2026-08-06 06:17:52,673][0m Trial 139 finished with value: 1.052388512005539 and parameters: {'alpha_emiss': 587.5030117147775, 'alpha_profile': 853.0181333782117, 'alpha_gate': 0.8986258828443427, 'alpha_leak': 4.335122266433698, 'alpha_active_pdf': 0.11804500321141036}. Best is trial 38 with value: 0.16593169168238794.[0m
Loading data:   0%|          | 0/500 [00:00<?, ?it/s]Loading data:  13%|█▎        | 67/500 [00:00<00:00, 667.02it/s]Loading data:  28%|██▊       | 138/500 [00:00<00:00, 690.17it/s]Loading data:  42%|████▏     | 209/500 [00:00<00:00, 698.02it/s]Loading data:  56%|█████▌    | 280/500 [00:00<00:00, 702.02it/s]Loading data:  70%|███████   | 351/500 [00:00<00:00, 642.16it/s]Loading data:  84%|████████▍ | 422/500 [00:00<00:00, 662.96it/s]Loading data:  99%|█████████▊| 493/500 [00:00<00:00, 677.28it/s]Loading data: 100%|██████████| 500/500 [00:00<00:00, 676.28it/s]
[32m[I 2026-08-06 06:22:02,533][0m Trial 140 finished with value: 0.9703813883960737 and parameters: {'alpha_emiss': 233.49379483104974, 'alpha_profile': 472.9483064034499, 'alpha_gate': 2.0935672942853945, 'alpha_leak': 3.6235558292322527, 'alpha_active_pdf': 5.277735124602046}. Best is trial 38 with value: 0.16593169168238794.[0m
Loading data:   0%|          | 0/500 [00:00<?, ?it/s]Loading data:  14%|█▎        | 68/500 [00:00<00:00, 674.03it/s]Loading data:  28%|██▊       | 141/500 [00:00<00:00, 702.48it/s]Loading data:  43%|████▎     | 213/500 [00:00<00:00, 709.26it/s]Loading data:  57%|█████▋    | 286/500 [00:00<00:00, 715.80it/s]Loading data:  72%|███████▏  | 359/500 [00:00<00:00, 719.10it/s]Loading data:  86%|████████▌ | 431/500 [00:00<00:00, 719.15it/s]Loading data: 100%|██████████| 500/500 [00:00<00:00, 715.47it/s]
[32m[I 2026-08-06 06:26:31,426][0m Trial 141 finished with value: 0.4243730990702622 and parameters: {'alpha_emiss': 482.76840073640864, 'alpha_profile': 499.11089835495653, 'alpha_gate': 2.671967889535833, 'alpha_leak': 5.047204868729287, 'alpha_active_pdf': 3.2509606155530912}. Best is trial 38 with value: 0.16593169168238794.[0m
Loading data:   0%|          | 0/500 [00:00<?, ?it/s]Loading data:  13%|█▎        | 66/500 [00:00<00:00, 657.34it/s]Loading data:  27%|██▋       | 137/500 [00:00<00:00, 684.18it/s]Loading data:  41%|████▏     | 207/500 [00:00<00:00, 691.29it/s]Loading data:  56%|█████▌    | 278/500 [00:00<00:00, 695.68it/s]Loading data:  70%|██████▉   | 349/500 [00:00<00:00, 697.38it/s]Loading data:  84%|████████▍ | 420/500 [00:00<00:00, 698.87it/s]Loading data:  98%|█████████▊| 491/500 [00:00<00:00, 700.07it/s]Loading data: 100%|██████████| 500/500 [00:00<00:00, 695.29it/s]
[32m[I 2026-08-06 06:30:15,497][0m Trial 142 finished with value: 0.46512023435041144 and parameters: {'alpha_emiss': 354.8123814879297, 'alpha_profile': 417.1212127909569, 'alpha_gate': 3.662835667971162, 'alpha_leak': 6.558728875685954, 'alpha_active_pdf': 3.1244914673039346}. Best is trial 38 with value: 0.16593169168238794.[0m
Loading data:   0%|          | 0/500 [00:00<?, ?it/s]Loading data:  13%|█▎        | 66/500 [00:00<00:00, 655.63it/s]Loading data:  27%|██▋       | 137/500 [00:00<00:00, 684.20it/s]Loading data:  42%|████▏     | 208/500 [00:00<00:00, 693.29it/s]Loading data:  56%|█████▌    | 279/500 [00:00<00:00, 697.58it/s]Loading data:  70%|███████   | 350/500 [00:00<00:00, 699.56it/s]Loading data:  84%|████████▍ | 421/500 [00:00<00:00, 701.35it/s]Loading data:  98%|█████████▊| 492/500 [00:00<00:00, 702.13it/s]Loading data: 100%|██████████| 500/500 [00:00<00:00, 695.59it/s]
[32m[I 2026-08-06 06:35:09,948][0m Trial 143 finished with value: 0.6502236891537048 and parameters: {'alpha_emiss': 430.795291862839, 'alpha_profile': 702.5262551483346, 'alpha_gate': 2.921113915550885, 'alpha_leak': 4.6942391495908975, 'alpha_active_pdf': 0.9138031363613801}. Best is trial 38 with value: 0.16593169168238794.[0m
Loading data:   0%|          | 0/500 [00:00<?, ?it/s]Loading data:  14%|█▍        | 70/500 [00:00<00:00, 698.22it/s]Loading data:  29%|██▊       | 143/500 [00:00<00:00, 712.84it/s]Loading data:  43%|████▎     | 216/500 [00:00<00:00, 718.76it/s]Loading data:  58%|█████▊    | 289/500 [00:00<00:00, 721.66it/s]Loading data:  72%|███████▏  | 362/500 [00:00<00:00, 722.73it/s]Loading data:  87%|████████▋ | 435/500 [00:00<00:00, 723.90it/s]Loading data: 100%|██████████| 500/500 [00:00<00:00, 690.46it/s]
[32m[I 2026-08-06 06:38:59,388][0m Trial 144 finished with value: 0.6318636816043801 and parameters: {'alpha_emiss': 45.08998752029395, 'alpha_profile': 374.09798089370497, 'alpha_gate': 3.2883149428357874, 'alpha_leak': 2.1874138450064313, 'alpha_active_pdf': 4.464202148763725}. Best is trial 38 with value: 0.16593169168238794.[0m
Loading data:   0%|          | 0/500 [00:00<?, ?it/s]Loading data:  14%|█▍        | 69/500 [00:00<00:00, 682.94it/s]Loading data:  28%|██▊       | 142/500 [00:00<00:00, 707.71it/s]Loading data:  43%|████▎     | 215/500 [00:00<00:00, 716.44it/s]Loading data:  58%|█████▊    | 288/500 [00:00<00:00, 719.27it/s]Loading data:  72%|███████▏  | 361/500 [00:00<00:00, 722.37it/s]Loading data:  87%|████████▋ | 434/500 [00:00<00:00, 722.67it/s]Loading data: 100%|██████████| 500/500 [00:00<00:00, 719.35it/s]
[32m[I 2026-08-06 06:42:57,955][0m Trial 145 finished with value: 0.2614760161909591 and parameters: {'alpha_emiss': 148.37834661989615, 'alpha_profile': 582.10707903007, 'alpha_gate': 6.0003601479534, 'alpha_leak': 3.085278425399136, 'alpha_active_pdf': 2.567116567551644}. Best is trial 38 with value: 0.16593169168238794.[0m
Loading data:   0%|          | 0/500 [00:00<?, ?it/s]Loading data:  13%|█▎        | 66/500 [00:00<00:00, 656.16it/s]Loading data:  27%|██▋       | 136/500 [00:00<00:00, 680.65it/s]Loading data:  41%|████      | 206/500 [00:00<00:00, 688.44it/s]Loading data:  55%|█████▌    | 277/500 [00:00<00:00, 693.15it/s]Loading data:  70%|██████▉   | 348/500 [00:00<00:00, 695.92it/s]Loading data:  84%|████████▎ | 418/500 [00:00<00:00, 696.59it/s]Loading data:  98%|█████████▊| 489/500 [00:00<00:00, 698.80it/s]Loading data: 100%|██████████| 500/500 [00:00<00:00, 693.46it/s]
