[32m[I 2026-08-06 03:34:18,118][0m Using an existing study with name 'cnn_hyperparams' instead of creating a new one.[0m
Loading data:   0%|          | 0/500 [00:00<?, ?it/s]Loading data:   7%|▋         | 36/500 [00:00<00:01, 357.90it/s]Loading data:  15%|█▌        | 76/500 [00:00<00:01, 377.45it/s]Loading data:  23%|██▎       | 114/500 [00:00<00:01, 363.34it/s]Loading data:  30%|███       | 152/500 [00:00<00:00, 367.64it/s]Loading data:  38%|███▊      | 189/500 [00:00<00:00, 367.69it/s]Loading data:  45%|████▌     | 226/500 [00:00<00:00, 355.64it/s]Loading data:  53%|█████▎    | 263/500 [00:00<00:00, 359.86it/s]Loading data:  60%|██████    | 302/500 [00:00<00:00, 369.21it/s]Loading data:  68%|██████▊   | 339/500 [00:00<00:00, 366.69it/s]Loading data:  75%|███████▌  | 376/500 [00:01<00:00, 367.42it/s]Loading data:  83%|████████▎ | 413/500 [00:01<00:00, 361.18it/s]Loading data:  91%|█████████ | 454/500 [00:01<00:00, 372.35it/s]Loading data:  99%|█████████▊| 493/500 [00:01<00:00, 376.27it/s]Loading data: 100%|██████████| 500/500 [00:01<00:00, 368.57it/s]
[32m[I 2026-08-06 03:37:53,767][0m Trial 100 finished with value: 1.2190786516823318 and parameters: {'alpha_emiss': 35.97026781931318, 'alpha_profile': 764.9071541913843, 'alpha_gate': 11.685103431853674, 'alpha_leak': 2.787924777421564, 'alpha_active_pdf': 6.089419930936605}. Best is trial 38 with value: 0.16593169168238794.[0m
Loading data:   0%|          | 0/500 [00:00<?, ?it/s]Loading data:   9%|▉         | 45/500 [00:00<00:01, 444.94it/s]Loading data:  18%|█▊        | 91/500 [00:00<00:00, 452.04it/s]Loading data:  28%|██▊       | 139/500 [00:00<00:00, 460.18it/s]Loading data:  38%|███▊      | 191/500 [00:00<00:00, 480.61it/s]Loading data:  48%|████▊     | 240/500 [00:00<00:00, 483.33it/s]Loading data:  58%|█████▊    | 289/500 [00:00<00:00, 470.71it/s]Loading data:  67%|██████▋   | 337/500 [00:00<00:00, 468.97it/s]Loading data:  77%|███████▋  | 384/500 [00:00<00:00, 454.91it/s]Loading data:  87%|████████▋ | 436/500 [00:00<00:00, 473.06it/s]Loading data:  97%|█████████▋| 484/500 [00:01<00:00, 471.95it/s]Loading data: 100%|██████████| 500/500 [00:01<00:00, 470.64it/s]
[32m[I 2026-08-06 03:41:32,119][0m Trial 101 finished with value: 1.0306844877370955 and parameters: {'alpha_emiss': 19.812373902423314, 'alpha_profile': 334.28929971823186, 'alpha_gate': 6.107180173726257, 'alpha_leak': 4.6973872012854425, 'alpha_active_pdf': 4.909559828623837}. Best is trial 38 with value: 0.16593169168238794.[0m
Loading data:   0%|          | 0/500 [00:00<?, ?it/s]Loading data:  11%|█         | 55/500 [00:00<00:00, 535.41it/s]Loading data:  22%|██▏       | 112/500 [00:00<00:00, 551.19it/s]Loading data:  34%|███▍      | 171/500 [00:00<00:00, 568.39it/s]Loading data:  46%|████▌     | 230/500 [00:00<00:00, 574.48it/s]Loading data:  58%|█████▊    | 288/500 [00:00<00:00, 576.13it/s]Loading data:  69%|██████▉   | 346/500 [00:00<00:00, 566.45it/s]Loading data:  81%|████████  | 403/500 [00:00<00:00, 543.78it/s]Loading data:  92%|█████████▏| 458/500 [00:00<00:00, 536.72it/s]Loading data: 100%|██████████| 500/500 [00:00<00:00, 549.80it/s]
[32m[I 2026-08-06 03:45:12,283][0m Trial 102 finished with value: 0.23226371658491682 and parameters: {'alpha_emiss': 31.408831276530456, 'alpha_profile': 283.60837793931285, 'alpha_gate': 8.197255836183444, 'alpha_leak': 2.315010217243347, 'alpha_active_pdf': 7.708118985022763}. Best is trial 38 with value: 0.16593169168238794.[0m
Loading data:   0%|          | 0/500 [00:00<?, ?it/s]Loading data:  13%|█▎        | 64/500 [00:00<00:00, 633.61it/s]Loading data:  26%|██▌       | 128/500 [00:00<00:00, 596.19it/s]Loading data:  38%|███▊      | 190/500 [00:00<00:00, 603.79it/s]Loading data:  51%|█████     | 255/500 [00:00<00:00, 619.72it/s]Loading data:  64%|██████▎   | 318/500 [00:00<00:00, 603.09it/s]Loading data:  76%|███████▋  | 382/500 [00:00<00:00, 613.24it/s]Loading data:  89%|████████▉ | 444/500 [00:00<00:00, 601.98it/s]Loading data: 100%|██████████| 500/500 [00:00<00:00, 610.75it/s]
[32m[I 2026-08-06 03:48:54,073][0m Trial 103 finished with value: 1.0269679015117308 and parameters: {'alpha_emiss': 14.093529642901697, 'alpha_profile': 503.6984483376251, 'alpha_gate': 3.455517071559631, 'alpha_leak': 3.020122798938623, 'alpha_active_pdf': 4.076935547874996}. Best is trial 38 with value: 0.16593169168238794.[0m
Loading data:   0%|          | 0/500 [00:00<?, ?it/s]Loading data:  13%|█▎        | 66/500 [00:00<00:00, 659.85it/s]Loading data:  27%|██▋       | 135/500 [00:00<00:00, 677.43it/s]Loading data:  41%|████      | 203/500 [00:00<00:00, 663.67it/s]Loading data:  55%|█████▍    | 274/500 [00:00<00:00, 679.05it/s]Loading data:  69%|██████▉   | 345/500 [00:00<00:00, 687.99it/s]Loading data:  83%|████████▎ | 414/500 [00:00<00:00, 688.35it/s]Loading data:  97%|█████████▋| 483/500 [00:00<00:00, 680.32it/s]Loading data: 100%|██████████| 500/500 [00:00<00:00, 680.76it/s]
[32m[I 2026-08-06 03:52:40,887][0m Trial 104 finished with value: 0.803577113693523 and parameters: {'alpha_emiss': 73.6026842697613, 'alpha_profile': 387.989259190717, 'alpha_gate': 4.778493058096815, 'alpha_leak': 4.49391223774331, 'alpha_active_pdf': 7.007161853218247}. Best is trial 38 with value: 0.16593169168238794.[0m
Loading data:   0%|          | 0/500 [00:00<?, ?it/s]Loading data:  14%|█▍        | 69/500 [00:00<00:00, 683.97it/s]Loading data:  28%|██▊       | 138/500 [00:00<00:00, 681.68it/s]Loading data:  42%|████▏     | 209/500 [00:00<00:00, 691.54it/s]Loading data:  56%|█████▌    | 281/500 [00:00<00:00, 701.76it/s]Loading data:  70%|███████   | 352/500 [00:00<00:00, 699.68it/s]Loading data:  84%|████████▍ | 422/500 [00:00<00:00, 697.73it/s]Loading data:  99%|█████████▉| 494/500 [00:00<00:00, 702.38it/s]Loading data: 100%|██████████| 500/500 [00:00<00:00, 698.26it/s]
[32m[I 2026-08-06 03:56:15,903][0m Trial 105 finished with value: 1.2869677727917863 and parameters: {'alpha_emiss': 37.980027531794256, 'alpha_profile': 179.57264843092074, 'alpha_gate': 4.084112285707248, 'alpha_leak': 6.702234488855801, 'alpha_active_pdf': 2.8600800746066195}. Best is trial 38 with value: 0.16593169168238794.[0m
Loading data:   0%|          | 0/500 [00:00<?, ?it/s]Loading data:  13%|█▎        | 65/500 [00:00<00:00, 645.44it/s]Loading data:  27%|██▋       | 136/500 [00:00<00:00, 681.42it/s]Loading data:  41%|████▏     | 207/500 [00:00<00:00, 690.89it/s]Loading data:  56%|█████▌    | 278/500 [00:00<00:00, 697.56it/s]Loading data:  70%|██████▉   | 349/500 [00:00<00:00, 700.27it/s]Loading data:  84%|████████▍ | 420/500 [00:00<00:00, 701.25it/s]Loading data:  98%|█████████▊| 491/500 [00:00<00:00, 697.62it/s]Loading data: 100%|██████████| 500/500 [00:00<00:00, 692.34it/s]
[32m[I 2026-08-06 04:00:00,010][0m Trial 106 finished with value: 1.04800591851249 and parameters: {'alpha_emiss': 62.81096652565028, 'alpha_profile': 225.77860582420888, 'alpha_gate': 2.53095817615187, 'alpha_leak': 1.6491003283734527, 'alpha_active_pdf': 10.251763917830907}. Best is trial 38 with value: 0.16593169168238794.[0m
Loading data:   0%|          | 0/500 [00:00<?, ?it/s]Loading data:  14%|█▍        | 69/500 [00:00<00:00, 687.46it/s]Loading data:  28%|██▊       | 142/500 [00:00<00:00, 709.14it/s]Loading data:  43%|████▎     | 213/500 [00:00<00:00, 708.42it/s]Loading data:  57%|█████▋    | 284/500 [00:00<00:00, 670.88it/s]Loading data:  71%|███████   | 355/500 [00:00<00:00, 684.24it/s]Loading data:  86%|████████▌ | 428/500 [00:00<00:00, 698.60it/s]Loading data: 100%|██████████| 500/500 [00:00<00:00, 698.90it/s]
[32m[I 2026-08-06 04:03:53,852][0m Trial 107 finished with value: 0.719583810926201 and parameters: {'alpha_emiss': 24.850631289015794, 'alpha_profile': 865.8382571405148, 'alpha_gate': 7.1358919698439385, 'alpha_leak': 3.9290304665550706, 'alpha_active_pdf': 3.833241684630015}. Best is trial 38 with value: 0.16593169168238794.[0m
Loading data:   0%|          | 0/500 [00:00<?, ?it/s]Loading data:  14%|█▍        | 70/500 [00:00<00:00, 695.64it/s]Loading data:  29%|██▊       | 143/500 [00:00<00:00, 714.79it/s]Loading data:  43%|████▎     | 216/500 [00:00<00:00, 720.07it/s]Loading data:  58%|█████▊    | 289/500 [00:00<00:00, 720.62it/s]Loading data:  73%|███████▎  | 363/500 [00:00<00:00, 723.99it/s]Loading data:  87%|████████▋ | 437/500 [00:00<00:00, 726.26it/s]Loading data: 100%|██████████| 500/500 [00:00<00:00, 721.85it/s]
[32m[I 2026-08-06 04:07:34,430][0m Trial 108 finished with value: 0.9289850366199566 and parameters: {'alpha_emiss': 568.5152839584705, 'alpha_profile': 652.5384983119839, 'alpha_gate': 9.149551356433482, 'alpha_leak': 5.42720705397271, 'alpha_active_pdf': 5.107489630496709}. Best is trial 38 with value: 0.16593169168238794.[0m
Loading data:   0%|          | 0/500 [00:00<?, ?it/s]Loading data:  14%|█▎        | 68/500 [00:00<00:00, 671.24it/s]Loading data:  28%|██▊       | 138/500 [00:00<00:00, 686.45it/s]Loading data:  42%|████▏     | 209/500 [00:00<00:00, 694.48it/s]Loading data:  56%|█████▌    | 280/500 [00:00<00:00, 697.77it/s]Loading data:  70%|███████   | 351/500 [00:00<00:00, 699.48it/s]Loading data:  84%|████████▍ | 422/500 [00:00<00:00, 700.85it/s]Loading data:  99%|█████████▊| 493/500 [00:00<00:00, 701.80it/s]Loading data: 100%|██████████| 500/500 [00:00<00:00, 697.78it/s]
[32m[I 2026-08-06 04:11:45,600][0m Trial 109 finished with value: 0.910240706050284 and parameters: {'alpha_emiss': 284.24773229860824, 'alpha_profile': 346.9113617049886, 'alpha_gate': 1.850564350847158, 'alpha_leak': 3.2335185241720255, 'alpha_active_pdf': 6.279071432554022}. Best is trial 38 with value: 0.16593169168238794.[0m
Loading data:   0%|          | 0/500 [00:00<?, ?it/s]Loading data:  14%|█▍        | 70/500 [00:00<00:00, 691.82it/s]Loading data:  28%|██▊       | 141/500 [00:00<00:00, 697.52it/s]Loading data:  43%|████▎     | 214/500 [00:00<00:00, 711.02it/s]Loading data:  57%|█████▋    | 287/500 [00:00<00:00, 718.01it/s]Loading data:  72%|███████▏  | 360/500 [00:00<00:00, 721.98it/s]Loading data:  87%|████████▋ | 433/500 [00:00<00:00, 724.32it/s]Loading data: 100%|██████████| 500/500 [00:00<00:00, 719.05it/s]
[32m[I 2026-08-06 04:16:00,010][0m Trial 110 finished with value: 0.7173065055873067 and parameters: {'alpha_emiss': 420.5730181149073, 'alpha_profile': 21.544232689018084, 'alpha_gate': 3.1280770116484726, 'alpha_leak': 1.37563344402424, 'alpha_active_pdf': 8.537119961318773}. Best is trial 38 with value: 0.16593169168238794.[0m
Loading data:   0%|          | 0/500 [00:00<?, ?it/s]Loading data:  13%|█▎        | 67/500 [00:00<00:00, 664.98it/s]Loading data:  28%|██▊       | 138/500 [00:00<00:00, 687.29it/s]Loading data:  42%|████▏     | 209/500 [00:00<00:00, 695.07it/s]Loading data:  56%|█████▌    | 280/500 [00:00<00:00, 699.12it/s]Loading data:  70%|███████   | 351/500 [00:00<00:00, 701.70it/s]Loading data:  84%|████████▍ | 422/500 [00:00<00:00, 700.29it/s]Loading data:  99%|█████████▊| 493/500 [00:00<00:00, 701.17it/s]Loading data: 100%|██████████| 500/500 [00:00<00:00, 668.81it/s]
[32m[I 2026-08-06 04:19:53,153][0m Trial 111 finished with value: 0.3741801099426816 and parameters: {'alpha_emiss': 315.4146041373626, 'alpha_profile': 603.8141232478172, 'alpha_gate': 6.490732996835442, 'alpha_leak': 2.123528579686613, 'alpha_active_pdf': 0.5527665266849878}. Best is trial 38 with value: 0.16593169168238794.[0m
Loading data:   0%|          | 0/500 [00:00<?, ?it/s]Loading data:  13%|█▎        | 67/500 [00:00<00:00, 664.97it/s]Loading data:  28%|██▊       | 138/500 [00:00<00:00, 687.56it/s]Loading data:  42%|████▏     | 209/500 [00:00<00:00, 695.33it/s]Loading data:  56%|█████▌    | 280/500 [00:00<00:00, 699.44it/s]Loading data:  70%|███████   | 351/500 [00:00<00:00, 702.30it/s]Loading data:  84%|████████▍ | 422/500 [00:00<00:00, 703.27it/s]Loading data:  99%|█████████▊| 493/500 [00:00<00:00, 704.38it/s]Loading data: 100%|██████████| 500/500 [00:00<00:00, 699.61it/s]
[32m[I 2026-08-06 04:23:45,722][0m Trial 112 finished with value: 0.5583481405459583 and parameters: {'alpha_emiss': 53.77144789469378, 'alpha_profile': 550.2454924826943, 'alpha_gate': 6.8591802282835275, 'alpha_leak': 1.751405264331824, 'alpha_active_pdf': 1.7207306004561305}. Best is trial 38 with value: 0.16593169168238794.[0m
Loading data:   0%|          | 0/500 [00:00<?, ?it/s]Loading data:  13%|█▎        | 66/500 [00:00<00:00, 656.72it/s]Loading data:  27%|██▋       | 137/500 [00:00<00:00, 683.02it/s]Loading data:  41%|████▏     | 207/500 [00:00<00:00, 690.13it/s]Loading data:  56%|█████▌    | 278/500 [00:00<00:00, 694.17it/s]Loading data:  70%|██████▉   | 349/500 [00:00<00:00, 697.36it/s]Loading data:  84%|████████▍ | 420/500 [00:00<00:00, 699.38it/s]Loading data:  98%|█████████▊| 491/500 [00:00<00:00, 701.08it/s]Loading data: 100%|██████████| 500/500 [00:00<00:00, 695.43it/s]
[32m[I 2026-08-06 04:27:34,848][0m Trial 113 finished with value: 0.39404381384664533 and parameters: {'alpha_emiss': 42.916761057232755, 'alpha_profile': 442.5546051940657, 'alpha_gate': 5.041184773954802, 'alpha_leak': 2.7013423370817877, 'alpha_active_pdf': 2.138353874418311}. Best is trial 38 with value: 0.16593169168238794.[0m
Loading data:   0%|          | 0/500 [00:00<?, ?it/s]Loading data:  13%|█▎        | 66/500 [00:00<00:00, 658.42it/s]Loading data:  27%|██▋       | 137/500 [00:00<00:00, 685.06it/s]Loading data:  42%|████▏     | 208/500 [00:00<00:00, 695.19it/s]Loading data:  56%|█████▌    | 279/500 [00:00<00:00, 699.70it/s]Loading data:  70%|███████   | 350/500 [00:00<00:00, 701.50it/s]Loading data:  84%|████████▍ | 421/500 [00:00<00:00, 703.24it/s]Loading data:  98%|█████████▊| 492/500 [00:00<00:00, 704.68it/s]Loading data: 100%|██████████| 500/500 [00:00<00:00, 699.18it/s]
[32m[I 2026-08-06 04:31:18,716][0m Trial 114 finished with value: 0.7678220491093621 and parameters: {'alpha_emiss': 33.63115138454276, 'alpha_profile': 533.6673840176828, 'alpha_gate': 5.659379033638347, 'alpha_leak': 2.456338799429907, 'alpha_active_pdf': 1.4367505451343416}. Best is trial 38 with value: 0.16593169168238794.[0m
Loading data:   0%|          | 0/500 [00:00<?, ?it/s]Loading data:  13%|█▎        | 66/500 [00:00<00:00, 652.37it/s]Loading data:  27%|██▋       | 137/500 [00:00<00:00, 684.57it/s]Loading data:  42%|████▏     | 208/500 [00:00<00:00, 694.46it/s]Loading data:  56%|█████▌    | 279/500 [00:00<00:00, 699.93it/s]Loading data:  70%|███████   | 350/500 [00:00<00:00, 701.49it/s]Loading data:  84%|████████▍ | 421/500 [00:00<00:00, 702.62it/s]Loading data:  98%|█████████▊| 492/500 [00:00<00:00, 703.45it/s]Loading data: 100%|██████████| 500/500 [00:00<00:00, 680.25it/s]
[32m[I 2026-08-06 04:35:38,697][0m Trial 115 finished with value: 0.6771552636396978 and parameters: {'alpha_emiss': 711.8332168174112, 'alpha_profile': 255.51317599316673, 'alpha_gate': 7.786519941194147, 'alpha_leak': 1.039950771742604, 'alpha_active_pdf': 0.17119557998676804}. Best is trial 38 with value: 0.16593169168238794.[0m
Loading data:   0%|          | 0/500 [00:00<?, ?it/s]Loading data:  13%|█▎        | 66/500 [00:00<00:00, 654.35it/s]Loading data:  27%|██▋       | 137/500 [00:00<00:00, 684.80it/s]Loading data:  42%|████▏     | 208/500 [00:00<00:00, 695.30it/s]Loading data:  56%|█████▌    | 279/500 [00:00<00:00, 699.62it/s]Loading data:  70%|███████   | 350/500 [00:00<00:00, 702.40it/s]Loading data:  84%|████████▍ | 421/500 [00:00<00:00, 704.40it/s]Loading data:  98%|█████████▊| 492/500 [00:00<00:00, 698.93it/s]Loading data: 100%|██████████| 500/500 [00:00<00:00, 696.77it/s]
[32m[I 2026-08-06 04:39:11,619][0m Trial 116 finished with value: 0.38697473864789583 and parameters: {'alpha_emiss': 28.106411244183796, 'alpha_profile': 706.9617273015722, 'alpha_gate': 10.470366632192048, 'alpha_leak': 3.705757226064378, 'alpha_active_pdf': 1.2077013623456083}. Best is trial 38 with value: 0.16593169168238794.[0m
Loading data:   0%|          | 0/500 [00:00<?, ?it/s]Loading data:  14%|█▍        | 70/500 [00:00<00:00, 695.00it/s]Loading data:  29%|██▊       | 143/500 [00:00<00:00, 713.60it/s]Loading data:  43%|████▎     | 216/500 [00:00<00:00, 719.27it/s]Loading data:  58%|█████▊    | 289/500 [00:00<00:00, 722.57it/s]Loading data:  72%|███████▏  | 362/500 [00:00<00:00, 723.92it/s]Loading data:  87%|████████▋ | 435/500 [00:00<00:00, 718.12it/s]Loading data: 100%|██████████| 500/500 [00:00<00:00, 719.14it/s]
[32m[I 2026-08-06 04:43:14,076][0m Trial 117 finished with value: 0.47363229532452067 and parameters: {'alpha_emiss': 215.614284256132, 'alpha_profile': 141.0064921180157, 'alpha_gate': 7.061277860233416, 'alpha_leak': 1.2805236560628268, 'alpha_active_pdf': 2.684049377748363}. Best is trial 38 with value: 0.16593169168238794.[0m
Loading data:   0%|          | 0/500 [00:00<?, ?it/s]Loading data:  13%|█▎        | 67/500 [00:00<00:00, 665.30it/s]Loading data:  27%|██▋       | 137/500 [00:00<00:00, 685.45it/s]Loading data:  41%|████▏     | 207/500 [00:00<00:00, 690.82it/s]Loading data:  55%|█████▌    | 277/500 [00:00<00:00, 690.71it/s]Loading data:  69%|██████▉   | 347/500 [00:00<00:00, 692.08it/s]Loading data:  83%|████████▎ | 417/500 [00:00<00:00, 692.51it/s]Loading data:  97%|█████████▋| 487/500 [00:00<00:00, 694.04it/s]Loading data: 100%|██████████| 500/500 [00:00<00:00, 691.06it/s]
[32m[I 2026-08-06 04:48:08,203][0m Trial 118 finished with value: 1.0548878617458386 and parameters: {'alpha_emiss': 485.08736949783423, 'alpha_profile': 815.9356680280922, 'alpha_gate': 1.1126244533220806, 'alpha_leak': 1.5316634381328247, 'alpha_active_pdf': 3.164871904578026}. Best is trial 38 with value: 0.16593169168238794.[0m
Loading data:   0%|          | 0/500 [00:00<?, ?it/s]Loading data:  13%|█▎        | 67/500 [00:00<00:00, 669.34it/s]Loading data:  28%|██▊       | 138/500 [00:00<00:00, 688.70it/s]Loading data:  42%|████▏     | 209/500 [00:00<00:00, 696.69it/s]Loading data:  56%|█████▌    | 280/500 [00:00<00:00, 700.16it/s]Loading data:  70%|███████   | 351/500 [00:00<00:00, 701.41it/s]Loading data:  84%|████████▍ | 422/500 [00:00<00:00, 703.02it/s]Loading data:  99%|█████████▊| 493/500 [00:00<00:00, 704.43it/s]Loading data: 100%|██████████| 500/500 [00:00<00:00, 699.97it/s]
[32m[I 2026-08-06 04:52:09,364][0m Trial 119 finished with value: 0.18760309478594447 and parameters: {'alpha_emiss': 269.97878229434235, 'alpha_profile': 380.7490658024449, 'alpha_gate': 5.8408487786856425, 'alpha_leak': 4.182106825800427, 'alpha_active_pdf': 4.486186691666094}. Best is trial 38 with value: 0.16593169168238794.[0m
Loading data:   0%|          | 0/500 [00:00<?, ?it/s]Loading data:  13%|█▎        | 67/500 [00:00<00:00, 665.64it/s]Loading data:  27%|██▋       | 137/500 [00:00<00:00, 685.34it/s]Loading data:  42%|████▏     | 208/500 [00:00<00:00, 694.32it/s]Loading data:  56%|█████▌    | 279/500 [00:00<00:00, 698.77it/s]Loading data:  70%|███████   | 350/500 [00:00<00:00, 700.85it/s]Loading data:  84%|████████▍ | 421/500 [00:00<00:00, 702.26it/s]Loading data:  98%|█████████▊| 492/500 [00:00<00:00, 702.49it/s]Loading data: 100%|██████████| 500/500 [00:00<00:00, 698.26it/s]
[32m[I 2026-08-06 04:56:36,034][0m Trial 120 finished with value: 0.5204722598427554 and parameters: {'alpha_emiss': 375.8367289924126, 'alpha_profile': 389.3502274911072, 'alpha_gate': 3.8948113870960945, 'alpha_leak': 4.267028455679807, 'alpha_active_pdf': 24.85647431670769}. Best is trial 38 with value: 0.16593169168238794.[0m
Loading data:   0%|          | 0/500 [00:00<?, ?it/s]Loading data:  13%|█▎        | 66/500 [00:00<00:00, 651.44it/s]Loading data:  27%|██▋       | 136/500 [00:00<00:00, 679.68it/s]Loading data:  41%|████▏     | 207/500 [00:00<00:00, 689.36it/s]Loading data:  56%|█████▌    | 278/500 [00:00<00:00, 694.60it/s]Loading data:  70%|██████▉   | 349/500 [00:00<00:00, 697.24it/s]Loading data:  84%|████████▍ | 420/500 [00:00<00:00, 698.70it/s]Loading data:  98%|█████████▊| 491/500 [00:00<00:00, 699.97it/s]Loading data: 100%|██████████| 500/500 [00:00<00:00, 694.34it/s]
[32m[I 2026-08-06 05:00:25,765][0m Trial 121 finished with value: 0.19871395256168295 and parameters: {'alpha_emiss': 336.9862624655898, 'alpha_profile': 456.3770256249483, 'alpha_gate': 5.806891558372275, 'alpha_leak': 5.929062060942314, 'alpha_active_pdf': 4.221268006690251}. Best is trial 38 with value: 0.16593169168238794.[0m
Loading data:   0%|          | 0/500 [00:00<?, ?it/s]Loading data:  13%|█▎        | 66/500 [00:00<00:00, 650.88it/s]Loading data:  27%|██▋       | 136/500 [00:00<00:00, 678.92it/s]Loading data:  41%|████      | 206/500 [00:00<00:00, 687.69it/s]Loading data:  55%|█████▌    | 276/500 [00:00<00:00, 691.88it/s]Loading data:  69%|██████▉   | 347/500 [00:00<00:00, 694.82it/s]Loading data:  84%|████████▎ | 418/500 [00:00<00:00, 696.89it/s]Loading data:  98%|█████████▊| 489/500 [00:00<00:00, 698.06it/s]Loading data: 100%|██████████| 500/500 [00:00<00:00, 692.45it/s]
