[32m[I 2026-08-06 08:27:23,340][0m Trial 171 finished with value: 0.2228415662358501 and parameters: {'alpha_emiss': 382.77058639863355, 'alpha_profile': 939.3685413310001, 'alpha_gate': 8.57945258682929, 'alpha_leak': 4.751045343167748, 'alpha_active_pdf': 3.7342471884043262}. Best is trial 38 with value: 0.16593169168238794.[0m
Loading data:   0%|          | 0/500 [00:00<?, ?it/s]Loading data:  14%|█▍        | 69/500 [00:00<00:00, 687.36it/s]Loading data:  29%|██▊       | 143/500 [00:00<00:00, 713.35it/s]Loading data:  43%|████▎     | 216/500 [00:00<00:00, 720.89it/s]Loading data:  58%|█████▊    | 290/500 [00:00<00:00, 725.27it/s]Loading data:  73%|███████▎  | 364/500 [00:00<00:00, 727.34it/s]Loading data:  88%|████████▊ | 438/500 [00:00<00:00, 728.60it/s]Loading data: 100%|██████████| 500/500 [00:00<00:00, 724.75it/s]
[32m[I 2026-08-06 08:31:01,250][0m Trial 172 finished with value: 0.21106230730577039 and parameters: {'alpha_emiss': 665.8227830279017, 'alpha_profile': 693.7982714210009, 'alpha_gate': 12.33450824275669, 'alpha_leak': 3.719948607650935, 'alpha_active_pdf': 3.27964305224456}. Best is trial 38 with value: 0.16593169168238794.[0m
Loading data:   0%|          | 0/500 [00:00<?, ?it/s]Loading data:  14%|█▎        | 68/500 [00:00<00:00, 671.20it/s]Loading data:  28%|██▊       | 139/500 [00:00<00:00, 692.39it/s]Loading data:  42%|████▏     | 210/500 [00:00<00:00, 697.43it/s]Loading data:  56%|█████▌    | 281/500 [00:00<00:00, 701.42it/s]Loading data:  71%|███████   | 353/500 [00:00<00:00, 704.63it/s]Loading data:  85%|████████▍ | 424/500 [00:00<00:00, 705.90it/s]Loading data:  99%|█████████▉| 495/500 [00:00<00:00, 706.91it/s]Loading data: 100%|██████████| 500/500 [00:00<00:00, 702.36it/s]
[32m[I 2026-08-06 08:34:57,488][0m Trial 173 finished with value: 0.6421149639052546 and parameters: {'alpha_emiss': 284.58170403792593, 'alpha_profile': 451.08826403134293, 'alpha_gate': 7.860897071401478, 'alpha_leak': 2.653442619025763, 'alpha_active_pdf': 4.908123980995711}. Best is trial 38 with value: 0.16593169168238794.[0m
Loading data:   0%|          | 0/500 [00:00<?, ?it/s]Loading data:  14%|█▍        | 69/500 [00:00<00:00, 680.93it/s]Loading data:  28%|██▊       | 140/500 [00:00<00:00, 695.47it/s]Loading data:  42%|████▏     | 210/500 [00:00<00:00, 692.13it/s]Loading data:  56%|█████▌    | 281/500 [00:00<00:00, 697.38it/s]Loading data:  70%|███████   | 352/500 [00:00<00:00, 700.88it/s]Loading data:  85%|████████▍ | 423/500 [00:00<00:00, 697.48it/s]Loading data:  99%|█████████▉| 494/500 [00:00<00:00, 700.46it/s]Loading data: 100%|██████████| 500/500 [00:00<00:00, 697.78it/s]
[32m[I 2026-08-06 08:39:47,523][0m Trial 174 finished with value: 0.20983973548904106 and parameters: {'alpha_emiss': 405.6146609786573, 'alpha_profile': 30.056868556589226, 'alpha_gate': 5.0149872908064355, 'alpha_leak': 5.16275180417458, 'alpha_active_pdf': 3.759745150315122}. Best is trial 38 with value: 0.16593169168238794.[0m
Loading data:   0%|          | 0/500 [00:00<?, ?it/s]Loading data:  13%|█▎        | 67/500 [00:00<00:00, 662.22it/s]Loading data:  28%|██▊       | 138/500 [00:00<00:00, 686.96it/s]Loading data:  42%|████▏     | 209/500 [00:00<00:00, 695.67it/s]Loading data:  56%|█████▌    | 280/500 [00:00<00:00, 699.51it/s]Loading data:  70%|███████   | 351/500 [00:00<00:00, 700.89it/s]Loading data:  84%|████████▍ | 422/500 [00:00<00:00, 702.23it/s]Loading data:  99%|█████████▊| 493/500 [00:00<00:00, 701.91it/s]Loading data: 100%|██████████| 500/500 [00:00<00:00, 698.15it/s]
[32m[I 2026-08-06 08:43:52,459][0m Trial 175 finished with value: 0.6583496348496072 and parameters: {'alpha_emiss': 33.10675720941649, 'alpha_profile': 348.5697652246266, 'alpha_gate': 1.5069754730262546, 'alpha_leak': 1.2450786980270125, 'alpha_active_pdf': 2.7232811634673317}. Best is trial 38 with value: 0.16593169168238794.[0m
Loading data:   0%|          | 0/500 [00:00<?, ?it/s]Loading data:  13%|█▎        | 66/500 [00:00<00:00, 658.03it/s]Loading data:  27%|██▋       | 137/500 [00:00<00:00, 683.45it/s]Loading data:  42%|████▏     | 208/500 [00:00<00:00, 691.07it/s]Loading data:  56%|█████▌    | 279/500 [00:00<00:00, 695.38it/s]Loading data:  70%|███████   | 350/500 [00:00<00:00, 699.11it/s]Loading data:  84%|████████▍ | 421/500 [00:00<00:00, 700.97it/s]Loading data:  98%|█████████▊| 492/500 [00:00<00:00, 702.14it/s]Loading data: 100%|██████████| 500/500 [00:00<00:00, 696.57it/s]
[32m[I 2026-08-06 08:48:10,354][0m Trial 176 finished with value: 0.21151746955342698 and parameters: {'alpha_emiss': 983.8889016687597, 'alpha_profile': 803.8512877498327, 'alpha_gate': 7.027456973155641, 'alpha_leak': 4.035636088149322, 'alpha_active_pdf': 4.587239917306105}. Best is trial 38 with value: 0.16593169168238794.[0m
Loading data:   0%|          | 0/500 [00:00<?, ?it/s]Loading data:  13%|█▎        | 66/500 [00:00<00:00, 659.03it/s]Loading data:  27%|██▋       | 137/500 [00:00<00:00, 683.80it/s]Loading data:  42%|████▏     | 208/500 [00:00<00:00, 692.28it/s]Loading data:  56%|█████▌    | 279/500 [00:00<00:00, 696.43it/s]Loading data:  70%|██████▉   | 349/500 [00:00<00:00, 695.98it/s]Loading data:  84%|████████▍ | 420/500 [00:00<00:00, 697.53it/s]Loading data:  98%|█████████▊| 490/500 [00:00<00:00, 698.19it/s]Loading data: 100%|██████████| 500/500 [00:00<00:00, 694.46it/s]
[32m[I 2026-08-06 08:52:09,384][0m Trial 177 finished with value: 0.43097853324932134 and parameters: {'alpha_emiss': 570.0512706407744, 'alpha_profile': 601.90115871222, 'alpha_gate': 6.141112308023127, 'alpha_leak': 7.81436649569215, 'alpha_active_pdf': 7.742853225271067}. Best is trial 38 with value: 0.16593169168238794.[0m
Loading data:   0%|          | 0/500 [00:00<?, ?it/s]Loading data:  14%|█▍        | 70/500 [00:00<00:00, 695.09it/s]Loading data:  29%|██▊       | 143/500 [00:00<00:00, 712.28it/s]Loading data:  43%|████▎     | 216/500 [00:00<00:00, 717.12it/s]Loading data:  58%|█████▊    | 289/500 [00:00<00:00, 719.54it/s]Loading data:  72%|███████▏  | 362/500 [00:00<00:00, 721.48it/s]Loading data:  87%|████████▋ | 435/500 [00:00<00:00, 722.67it/s]Loading data: 100%|██████████| 500/500 [00:00<00:00, 717.83it/s]
[32m[I 2026-08-06 08:56:26,511][0m Trial 178 finished with value: 0.5804545209904731 and parameters: {'alpha_emiss': 48.421103090635775, 'alpha_profile': 100.07513573897411, 'alpha_gate': 5.490654071789483, 'alpha_leak': 3.4264489658100645, 'alpha_active_pdf': 5.394294099537658}. Best is trial 38 with value: 0.16593169168238794.[0m
Loading data:   0%|          | 0/500 [00:00<?, ?it/s]Loading data:  13%|█▎        | 63/500 [00:00<00:00, 622.63it/s]Loading data:  27%|██▋       | 136/500 [00:00<00:00, 682.57it/s]Loading data:  42%|████▏     | 209/500 [00:00<00:00, 702.82it/s]Loading data:  56%|█████▋    | 282/500 [00:00<00:00, 712.95it/s]Loading data:  71%|███████   | 355/500 [00:00<00:00, 717.65it/s]Loading data:  86%|████████▌ | 428/500 [00:00<00:00, 720.61it/s]Loading data: 100%|██████████| 500/500 [00:00<00:00, 711.64it/s]
[32m[I 2026-08-06 09:00:10,665][0m Trial 179 finished with value: 1.2255768928903712 and parameters: {'alpha_emiss': 26.95834928371853, 'alpha_profile': 498.0401782613623, 'alpha_gate': 6.892337637831642, 'alpha_leak': 1.7106425212567968, 'alpha_active_pdf': 0.18525492225535836}. Best is trial 38 with value: 0.16593169168238794.[0m
Loading data:   0%|          | 0/500 [00:00<?, ?it/s]Loading data:  13%|█▎        | 67/500 [00:00<00:00, 667.48it/s]Loading data:  28%|██▊       | 138/500 [00:00<00:00, 688.88it/s]Loading data:  42%|████▏     | 209/500 [00:00<00:00, 696.91it/s]Loading data:  56%|█████▌    | 280/500 [00:00<00:00, 699.46it/s]Loading data:  70%|███████   | 351/500 [00:00<00:00, 701.59it/s]Loading data:  84%|████████▍ | 422/500 [00:00<00:00, 703.32it/s]Loading data:  99%|█████████▊| 493/500 [00:00<00:00, 704.08it/s]Loading data: 100%|██████████| 500/500 [00:00<00:00, 699.72it/s]
[32m[I 2026-08-06 09:04:19,002][0m Trial 180 finished with value: 0.4213346449781176 and parameters: {'alpha_emiss': 463.6820196437594, 'alpha_profile': 733.2915950337713, 'alpha_gate': 8.702090600280952, 'alpha_leak': 2.9091074312005074, 'alpha_active_pdf': 3.1926734440225735}. Best is trial 38 with value: 0.16593169168238794.[0m
Loading data:   0%|          | 0/500 [00:00<?, ?it/s]Loading data:  14%|█▎        | 68/500 [00:00<00:00, 675.59it/s]Loading data:  28%|██▊       | 141/500 [00:00<00:00, 704.30it/s]Loading data:  43%|████▎     | 214/500 [00:00<00:00, 713.50it/s]Loading data:  57%|█████▋    | 287/500 [00:00<00:00, 718.06it/s]Loading data:  72%|███████▏  | 360/500 [00:00<00:00, 720.23it/s]Loading data:  87%|████████▋ | 433/500 [00:00<00:00, 721.92it/s]Loading data: 100%|██████████| 500/500 [00:00<00:00, 717.62it/s]
[32m[I 2026-08-06 09:08:15,422][0m Trial 181 finished with value: 0.17005283211345545 and parameters: {'alpha_emiss': 780.9365360476455, 'alpha_profile': 967.3709097499145, 'alpha_gate': 10.085359761691308, 'alpha_leak': 3.110987535019135, 'alpha_active_pdf': 2.4596083519790244}. Best is trial 38 with value: 0.16593169168238794.[0m
Loading data:   0%|          | 0/500 [00:00<?, ?it/s]Loading data:  14%|█▍        | 69/500 [00:00<00:00, 684.97it/s]Loading data:  28%|██▊       | 142/500 [00:00<00:00, 709.10it/s]Loading data:  43%|████▎     | 215/500 [00:00<00:00, 716.72it/s]Loading data:  58%|█████▊    | 288/500 [00:00<00:00, 720.59it/s]Loading data:  72%|███████▏  | 361/500 [00:00<00:00, 722.22it/s]Loading data:  87%|████████▋ | 434/500 [00:00<00:00, 724.10it/s]Loading data: 100%|██████████| 500/500 [00:00<00:00, 720.06it/s]
[32m[I 2026-08-06 09:12:02,536][0m Trial 182 finished with value: 1.099590479348373 and parameters: {'alpha_emiss': 767.1639316173957, 'alpha_profile': 974.4943192947478, 'alpha_gate': 10.515776859126714, 'alpha_leak': 4.2684776191155915, 'alpha_active_pdf': 1.7204948330148162}. Best is trial 38 with value: 0.16593169168238794.[0m
Loading data:   0%|          | 0/500 [00:00<?, ?it/s]Loading data:  13%|█▎        | 67/500 [00:00<00:00, 663.82it/s]Loading data:  28%|██▊       | 141/500 [00:00<00:00, 705.76it/s]Loading data:  43%|████▎     | 215/500 [00:00<00:00, 717.58it/s]Loading data:  58%|█████▊    | 289/500 [00:00<00:00, 724.47it/s]Loading data:  73%|███████▎  | 363/500 [00:00<00:00, 727.56it/s]Loading data:  87%|████████▋ | 437/500 [00:00<00:00, 729.50it/s]Loading data: 100%|██████████| 500/500 [00:00<00:00, 723.68it/s]
[32m[I 2026-08-06 09:16:21,271][0m Trial 183 finished with value: 0.6313422409082012 and parameters: {'alpha_emiss': 635.8840619341319, 'alpha_profile': 841.1965228504449, 'alpha_gate': 7.434813706777848, 'alpha_leak': 3.5697662817291356, 'alpha_active_pdf': 2.317646820518787}. Best is trial 38 with value: 0.16593169168238794.[0m
Loading data:   0%|          | 0/500 [00:00<?, ?it/s]Loading data:  14%|█▍        | 69/500 [00:00<00:00, 681.42it/s]Loading data:  28%|██▊       | 142/500 [00:00<00:00, 708.05it/s]Loading data:  43%|████▎     | 215/500 [00:00<00:00, 717.18it/s]Loading data:  58%|█████▊    | 288/500 [00:00<00:00, 722.22it/s]Loading data:  72%|███████▏  | 361/500 [00:00<00:00, 724.62it/s]Loading data:  87%|████████▋ | 434/500 [00:00<00:00, 725.52it/s]Loading data: 100%|██████████| 500/500 [00:00<00:00, 721.29it/s]
[32m[I 2026-08-06 09:20:11,815][0m Trial 184 finished with value: 0.2279105084621042 and parameters: {'alpha_emiss': 699.4086383433404, 'alpha_profile': 655.475077553009, 'alpha_gate': 5.970881995443012, 'alpha_leak': 2.4537102162165563, 'alpha_active_pdf': 2.691275307497158}. Best is trial 38 with value: 0.16593169168238794.[0m
Loading data:   0%|          | 0/500 [00:00<?, ?it/s]Loading data:  14%|█▍        | 69/500 [00:00<00:00, 687.05it/s]Loading data:  28%|██▊       | 142/500 [00:00<00:00, 709.35it/s]Loading data:  43%|████▎     | 215/500 [00:00<00:00, 717.21it/s]Loading data:  58%|█████▊    | 288/500 [00:00<00:00, 720.79it/s]Loading data:  72%|███████▏  | 361/500 [00:00<00:00, 723.25it/s]Loading data:  87%|████████▋ | 434/500 [00:00<00:00, 724.61it/s]Loading data: 100%|██████████| 500/500 [00:00<00:00, 720.81it/s]
[32m[I 2026-08-06 09:24:25,524][0m Trial 185 finished with value: 0.20842766516733247 and parameters: {'alpha_emiss': 878.7763440434063, 'alpha_profile': 980.6438962561068, 'alpha_gate': 8.005154025584952, 'alpha_leak': 5.288952084649568, 'alpha_active_pdf': 1.2067022398073919}. Best is trial 38 with value: 0.16593169168238794.[0m
Loading data:   0%|          | 0/500 [00:00<?, ?it/s]Loading data:  14%|█▍        | 69/500 [00:00<00:00, 686.01it/s]Loading data:  28%|██▊       | 142/500 [00:00<00:00, 708.16it/s]Loading data:  43%|████▎     | 215/500 [00:00<00:00, 715.53it/s]Loading data:  58%|█████▊    | 288/500 [00:00<00:00, 718.78it/s]Loading data:  72%|███████▏  | 361/500 [00:00<00:00, 721.12it/s]Loading data:  87%|████████▋ | 434/500 [00:00<00:00, 722.44it/s]Loading data: 100%|██████████| 500/500 [00:00<00:00, 718.06it/s]
[32m[I 2026-08-06 09:29:02,251][0m Trial 186 finished with value: 0.7448881125471327 and parameters: {'alpha_emiss': 535.3573190217312, 'alpha_profile': 396.20981379200526, 'alpha_gate': 0.14045561970262557, 'alpha_leak': 3.9613593508604596, 'alpha_active_pdf': 1.9621873338548812}. Best is trial 38 with value: 0.16593169168238794.[0m
Loading data:   0%|          | 0/500 [00:00<?, ?it/s]Loading data:  14%|█▍        | 69/500 [00:00<00:00, 682.26it/s]Loading data:  28%|██▊       | 142/500 [00:00<00:00, 705.25it/s]Loading data:  43%|████▎     | 213/500 [00:00<00:00, 706.89it/s]Loading data:  57%|█████▋    | 286/500 [00:00<00:00, 712.94it/s]Loading data:  72%|███████▏  | 359/500 [00:00<00:00, 716.43it/s]Loading data:  86%|████████▋ | 432/500 [00:00<00:00, 718.66it/s]Loading data: 100%|██████████| 500/500 [00:00<00:00, 714.58it/s]
[32m[I 2026-08-06 09:33:05,499][0m Trial 187 finished with value: 0.6866768120919337 and parameters: {'alpha_emiss': 336.2065391942129, 'alpha_profile': 591.9454209199515, 'alpha_gate': 9.508859595007559, 'alpha_leak': 3.2976847982230884, 'alpha_active_pdf': 4.249204333658205}. Best is trial 38 with value: 0.16593169168238794.[0m
Loading data:   0%|          | 0/500 [00:00<?, ?it/s]Loading data:  13%|█▎        | 63/500 [00:00<00:00, 627.52it/s]Loading data:  27%|██▋       | 136/500 [00:00<00:00, 683.47it/s]Loading data:  42%|████▏     | 209/500 [00:00<00:00, 703.11it/s]Loading data:  56%|█████▋    | 282/500 [00:00<00:00, 711.64it/s]Loading data:  71%|███████   | 355/500 [00:00<00:00, 714.15it/s]Loading data:  85%|████████▌ | 427/500 [00:00<00:00, 715.47it/s]Loading data: 100%|██████████| 500/500 [00:00<00:00, 719.06it/s]Loading data: 100%|██████████| 500/500 [00:00<00:00, 709.08it/s]
[32m[I 2026-08-06 09:36:58,301][0m Trial 188 finished with value: 0.4340473948826591 and parameters: {'alpha_emiss': 859.5648081320148, 'alpha_profile': 735.8858056926424, 'alpha_gate': 13.805279795860068, 'alpha_leak': 2.897735798377366, 'alpha_active_pdf': 6.13324118894574}. Best is trial 38 with value: 0.16593169168238794.[0m
Loading data:   0%|          | 0/500 [00:00<?, ?it/s]Loading data:  14%|█▎        | 68/500 [00:00<00:00, 678.26it/s]Loading data:  28%|██▊       | 141/500 [00:00<00:00, 706.68it/s]Loading data:  43%|████▎     | 214/500 [00:00<00:00, 715.99it/s]Loading data:  57%|█████▋    | 287/500 [00:00<00:00, 720.03it/s]Loading data:  72%|███████▏  | 360/500 [00:00<00:00, 722.41it/s]Loading data:  87%|████████▋ | 433/500 [00:00<00:00, 724.63it/s]Loading data: 100%|██████████| 500/500 [00:00<00:00, 719.72it/s]
[32m[I 2026-08-06 09:40:54,375][0m Trial 189 finished with value: 0.49531126385595287 and parameters: {'alpha_emiss': 229.8224113672108, 'alpha_profile': 310.29153416889073, 'alpha_gate': 1.3428011482389468, 'alpha_leak': 0.4136885238789491, 'alpha_active_pdf': 3.6484198734970072}. Best is trial 38 with value: 0.16593169168238794.[0m
Loading data:   0%|          | 0/500 [00:00<?, ?it/s]Loading data:  14%|█▎        | 68/500 [00:00<00:00, 674.33it/s]Loading data:  28%|██▊       | 141/500 [00:00<00:00, 705.52it/s]Loading data:  43%|████▎     | 214/500 [00:00<00:00, 715.58it/s]Loading data:  57%|█████▋    | 287/500 [00:00<00:00, 720.62it/s]Loading data:  72%|███████▏  | 360/500 [00:00<00:00, 723.21it/s]Loading data:  87%|████████▋ | 433/500 [00:00<00:00, 724.93it/s]Loading data: 100%|██████████| 500/500 [00:00<00:00, 720.05it/s]
[32m[I 2026-08-06 09:44:55,451][0m Trial 190 finished with value: 0.590984116052007 and parameters: {'alpha_emiss': 458.36309327670614, 'alpha_profile': 529.8245035493978, 'alpha_gate': 4.38025235128571, 'alpha_leak': 4.5620248402532795, 'alpha_active_pdf': 3.095675588795208}. Best is trial 38 with value: 0.16593169168238794.[0m
Loading data:   0%|          | 0/500 [00:00<?, ?it/s]Loading data:  14%|█▍        | 69/500 [00:00<00:00, 686.50it/s]Loading data:  28%|██▊       | 142/500 [00:00<00:00, 709.56it/s]Loading data:  43%|████▎     | 215/500 [00:00<00:00, 718.59it/s]Loading data:  58%|█████▊    | 288/500 [00:00<00:00, 722.77it/s]Loading data:  72%|███████▏  | 361/500 [00:00<00:00, 724.42it/s]Loading data:  87%|████████▋ | 434/500 [00:00<00:00, 725.32it/s]Loading data: 100%|██████████| 500/500 [00:00<00:00, 705.76it/s]
[32m[I 2026-08-06 09:48:57,681][0m Trial 191 finished with value: 0.17143897261650648 and parameters: {'alpha_emiss': 928.6901503978444, 'alpha_profile': 914.6487840935135, 'alpha_gate': 11.02987739003311, 'alpha_leak': 3.1738529063225998, 'alpha_active_pdf': 2.101901911814486}. Best is trial 38 with value: 0.16593169168238794.[0m
Loading data:   0%|          | 0/500 [00:00<?, ?it/s]Loading data:  14%|█▍        | 70/500 [00:00<00:00, 692.38it/s]Loading data:  29%|██▊       | 143/500 [00:00<00:00, 710.36it/s]Loading data:  43%|████▎     | 216/500 [00:00<00:00, 716.37it/s]Loading data:  58%|█████▊    | 288/500 [00:00<00:00, 712.96it/s]Loading data:  72%|███████▏  | 361/500 [00:00<00:00, 716.63it/s]Loading data:  87%|████████▋ | 434/500 [00:00<00:00, 719.21it/s]Loading data: 100%|██████████| 500/500 [00:00<00:00, 716.53it/s]
[32m[I 2026-08-06 09:52:39,774][0m Trial 192 finished with value: 0.5759306221124492 and parameters: {'alpha_emiss': 694.1774464014217, 'alpha_profile': 839.7115861313779, 'alpha_gate': 15.129781649763537, 'alpha_leak': 3.035018860746984, 'alpha_active_pdf': 0.6665228232224926}. Best is trial 38 with value: 0.16593169168238794.[0m
Loading data:   0%|          | 0/500 [00:00<?, ?it/s]Loading data:  14%|█▍        | 70/500 [00:00<00:00, 691.83it/s]Loading data:  29%|██▉       | 144/500 [00:00<00:00, 714.56it/s]Loading data:  44%|████▎     | 218/500 [00:00<00:00, 722.38it/s]Loading data:  58%|█████▊    | 292/500 [00:00<00:00, 726.53it/s]Loading data:  73%|███████▎  | 366/500 [00:00<00:00, 728.61it/s]Loading data:  88%|████████▊ | 440/500 [00:00<00:00, 729.98it/s]Loading data: 100%|██████████| 500/500 [00:00<00:00, 725.94it/s]
[32m[I 2026-08-06 09:56:19,510][0m Trial 193 finished with value: 0.5345072315114965 and parameters: {'alpha_emiss': 813.4282870619022, 'alpha_profile': 991.4731745421625, 'alpha_gate': 11.793365849303608, 'alpha_leak': 2.157969061510212, 'alpha_active_pdf': 1.9609754245056565}. Best is trial 38 with value: 0.16593169168238794.[0m
Loading data:   0%|          | 0/500 [00:00<?, ?it/s]Loading data:  14%|█▍        | 69/500 [00:00<00:00, 689.52it/s]Loading data:  29%|██▊       | 143/500 [00:00<00:00, 713.87it/s]Loading data:  43%|████▎     | 217/500 [00:00<00:00, 721.76it/s]Loading data:  58%|█████▊    | 291/500 [00:00<00:00, 725.08it/s]Loading data:  73%|███████▎  | 365/500 [00:00<00:00, 727.38it/s]Loading data:  88%|████████▊ | 439/500 [00:00<00:00, 728.77it/s]Loading data: 100%|██████████| 500/500 [00:00<00:00, 725.19it/s]
[32m[I 2026-08-06 10:00:24,490][0m Trial 194 finished with value: 0.7111256107503847 and parameters: {'alpha_emiss': 580.3041136740601, 'alpha_profile': 845.6373260308803, 'alpha_gate': 10.050947756193766, 'alpha_leak': 3.6937051051880254, 'alpha_active_pdf': 2.26145675367757}. Best is trial 38 with value: 0.16593169168238794.[0m
Loading data:   0%|          | 0/500 [00:00<?, ?it/s]Loading data:  14%|█▎        | 68/500 [00:00<00:00, 671.40it/s]Loading data:  28%|██▊       | 141/500 [00:00<00:00, 702.06it/s]Loading data:  43%|████▎     | 214/500 [00:00<00:00, 712.75it/s]Loading data:  57%|█████▋    | 287/500 [00:00<00:00, 718.07it/s]Loading data:  72%|███████▏  | 360/500 [00:00<00:00, 720.93it/s]Loading data:  87%|████████▋ | 433/500 [00:00<00:00, 722.67it/s]Loading data: 100%|██████████| 500/500 [00:00<00:00, 717.53it/s]
[32m[I 2026-08-06 10:04:14,461][0m Trial 195 finished with value: 2.1777092113198533 and parameters: {'alpha_emiss': 36.36972388295157, 'alpha_profile': 1.0262433970783238, 'alpha_gate': 6.548487397294186, 'alpha_leak': 3.1790615498664665, 'alpha_active_pdf': 2.5244175178987263}. Best is trial 38 with value: 0.16593169168238794.[0m
Loading data:   0%|          | 0/500 [00:00<?, ?it/s]Loading data:  13%|█▎        | 63/500 [00:00<00:00, 623.02it/s]Loading data:  27%|██▋       | 137/500 [00:00<00:00, 686.08it/s]Loading data:  42%|████▏     | 210/500 [00:00<00:00, 705.97it/s]Loading data:  57%|█████▋    | 284/500 [00:00<00:00, 716.28it/s]Loading data:  72%|███████▏  | 358/500 [00:00<00:00, 721.62it/s]Loading data:  86%|████████▋ | 432/500 [00:00<00:00, 725.13it/s]Loading data: 100%|██████████| 500/500 [00:00<00:00, 715.19it/s]
