[32m[I 2026-08-06 10:08:16,636][0m Trial 196 finished with value: 0.8563029461203393 and parameters: {'alpha_emiss': 42.74040511403094, 'alpha_profile': 716.4901277616447, 'alpha_gate': 1.8955998907513454, 'alpha_leak': 2.62936209687644, 'alpha_active_pdf': 1.6223834019066254}. Best is trial 38 with value: 0.16593169168238794.[0m
Loading data:   0%|          | 0/500 [00:00<?, ?it/s]Loading data:  13%|█▎        | 67/500 [00:00<00:00, 662.95it/s]Loading data:  28%|██▊       | 138/500 [00:00<00:00, 689.60it/s]Loading data:  42%|████▏     | 210/500 [00:00<00:00, 698.98it/s]Loading data:  56%|█████▋    | 282/500 [00:00<00:00, 703.45it/s]Loading data:  71%|███████   | 354/500 [00:00<00:00, 705.90it/s]Loading data:  85%|████████▌ | 425/500 [00:00<00:00, 707.26it/s]Loading data:  99%|█████████▉| 496/500 [00:00<00:00, 707.77it/s]Loading data: 100%|██████████| 500/500 [00:00<00:00, 702.86it/s]
[32m[I 2026-08-06 10:12:05,557][0m Trial 197 finished with value: 0.4540167276980274 and parameters: {'alpha_emiss': 373.1886697290776, 'alpha_profile': 449.9584986608564, 'alpha_gate': 5.01546200607535, 'alpha_leak': 6.08447988998262, 'alpha_active_pdf': 4.972277754372481}. Best is trial 38 with value: 0.16593169168238794.[0m
Loading data:   0%|          | 0/500 [00:00<?, ?it/s]Loading data:  13%|█▎        | 66/500 [00:00<00:00, 652.57it/s]Loading data:  27%|██▋       | 137/500 [00:00<00:00, 684.54it/s]Loading data:  42%|████▏     | 208/500 [00:00<00:00, 694.84it/s]Loading data:  56%|█████▌    | 279/500 [00:00<00:00, 700.59it/s]Loading data:  70%|███████   | 351/500 [00:00<00:00, 704.15it/s]Loading data:  85%|████████▍ | 423/500 [00:00<00:00, 706.62it/s]Loading data:  99%|█████████▉| 494/500 [00:00<00:00, 707.59it/s]Loading data: 100%|██████████| 500/500 [00:00<00:00, 701.02it/s]
[32m[I 2026-08-06 10:15:47,058][0m Trial 198 finished with value: 0.577126656920834 and parameters: {'alpha_emiss': 297.99927351254524, 'alpha_profile': 636.2173428094201, 'alpha_gate': 13.666986689309304, 'alpha_leak': 4.19288575263478, 'alpha_active_pdf': 4.233690043506859}. Best is trial 38 with value: 0.16593169168238794.[0m
Loading data:   0%|          | 0/500 [00:00<?, ?it/s]Loading data:  13%|█▎        | 66/500 [00:00<00:00, 658.88it/s]Loading data:  27%|██▋       | 137/500 [00:00<00:00, 685.38it/s]Loading data:  42%|████▏     | 208/500 [00:00<00:00, 693.30it/s]Loading data:  56%|█████▌    | 279/500 [00:00<00:00, 697.25it/s]Loading data:  70%|███████   | 350/500 [00:00<00:00, 699.68it/s]Loading data:  84%|████████▍ | 421/500 [00:00<00:00, 701.63it/s]Loading data:  98%|█████████▊| 492/500 [00:00<00:00, 701.96it/s]Loading data: 100%|██████████| 500/500 [00:00<00:00, 697.22it/s]
[32m[I 2026-08-06 10:19:20,924][0m Trial 199 finished with value: 0.5171538518601506 and parameters: {'alpha_emiss': 29.185620591219795, 'alpha_profile': 366.808060645886, 'alpha_gate': 8.792988635796764, 'alpha_leak': 4.754691228989268, 'alpha_active_pdf': 5.740525431237101}. Best is trial 38 with value: 0.16593169168238794.[0m
Loading data:   0%|          | 0/500 [00:00<?, ?it/s]Loading data:  13%|█▎        | 66/500 [00:00<00:00, 654.44it/s]Loading data:  27%|██▋       | 136/500 [00:00<00:00, 680.84it/s]Loading data:  41%|████▏     | 207/500 [00:00<00:00, 689.69it/s]Loading data:  55%|█████▌    | 277/500 [00:00<00:00, 692.52it/s]Loading data:  70%|██████▉   | 348/500 [00:00<00:00, 695.71it/s]Loading data:  84%|████████▍ | 419/500 [00:00<00:00, 698.06it/s]Loading data:  98%|█████████▊| 489/500 [00:00<00:00, 698.16it/s]Loading data: 100%|██████████| 500/500 [00:00<00:00, 693.34it/s]
